#
# There is insufficient memory for the Java Runtime Environment to continue.
# Native memory allocation (malloc) failed to allocate 774176 bytes for Chunk::new
# Possible reasons:
#   The system is out of physical RAM or swap space
#   The process is running with CompressedOops enabled, and the Java Heap may be blocking the growth of the native heap
# Possible solutions:
#   Reduce memory load on the system
#   Increase physical memory or swap space
#   Check if swap backing store is full
#   Decrease Java heap size (-Xmx/-Xms)
#   Decrease number of Java threads
#   Decrease Java thread stack sizes (-Xss)
#   Set larger code cache with -XX:ReservedCodeCacheSize=
#   JVM is running with Unscaled Compressed Oops mode in which the Java heap is
#     placed in the first 4GB address space. The Java Heap base address is the
#     maximum limit for the native heap growth. Please use -XX:HeapBaseMinAddress
#     to set the Java Heap base and to place the Java Heap above 4GB virtual address.
# This output file may be truncated or incomplete.
#
#  Out of Memory Error (arena.cpp:189), pid=13796, tid=30232
#
# JRE version: OpenJDK Runtime Environment Temurin-17.0.8+7 (17.0.8+7) (build 17.0.8+7)
# Java VM: OpenJDK 64-Bit Server VM Temurin-17.0.8+7 (17.0.8+7, mixed mode, sharing, tiered, compressed oops, compressed class ptrs, g1 gc, windows-amd64)
# No core dump will be written. Minidumps are not enabled by default on client versions of Windows
#

---------------  S U M M A R Y ------------

Command Line: -ea -XX:+ShowCodeDetailsInExceptionMessages -Dfile.encoding=UTF-8 org.eclipse.jdt.internal.junit.runner.RemoteTestRunner -version 3 -port 60950 -testLoaderClass org.eclipse.jdt.internal.junit5.runner.JUnit5TestLoader -loaderpluginname org.eclipse.jdt.junit5.runtime -testNameFile C:\Users\andre\AppData\Local\Temp\testNames18121141770651016309.txt

Host: AMD Ryzen 5 7520U with Radeon Graphics         , 8 cores, 5G,  Windows 11 , 64 bit Build 22621 (10.0.22621.5415)
Time: Wed Aug 13 21:04:31 2025 Hora est. Pacífico, Sudamérica elapsed time: 10.641860 seconds (0d 0h 0m 10s)

---------------  T H R E A D  ---------------

Current thread (0x000001e33328f9b0):  JavaThread "C2 CompilerThread0" daemon [_thread_in_native, id=30232, stack(0x000000a98d300000,0x000000a98d400000)]


Current CompileTask:
C2:  10641 4371       4       org.springframework.core.ResolvableType::forType (112 bytes)

Stack: [0x000000a98d300000,0x000000a98d400000]
Native frames: (J=compiled Java code, j=interpreted, Vv=VM code, C=native code)
V  [jvm.dll+0x678b0a]
V  [jvm.dll+0x835e84]
V  [jvm.dll+0x83762e]
V  [jvm.dll+0x837c93]
V  [jvm.dll+0x24746f]
V  [jvm.dll+0xac20c]
V  [jvm.dll+0xac7dc]
V  [jvm.dll+0x2ae7af]
V  [jvm.dll+0x581427]
V  [jvm.dll+0x222602]
V  [jvm.dll+0x21b2bf]
V  [jvm.dll+0x218f0b]
V  [jvm.dll+0x1a534d]
V  [jvm.dll+0x228d8a]
V  [jvm.dll+0x226dcc]
V  [jvm.dll+0x7ec09b]
V  [jvm.dll+0x7e64ca]
V  [jvm.dll+0x677955]
C  [ucrtbase.dll+0x29333]
C  [KERNEL32.DLL+0x1259d]
C  [ntdll.dll+0x5af78]


---------------  P R O C E S S  ---------------

Threads class SMR info:
_java_thread_list=0x000001e37a402c70, length=13, elements={
0x000001e3163004f0, 0x000001e333279780, 0x000001e33327a600, 0x000001e33328ae70,
0x000001e33328d940, 0x000001e33328e300, 0x000001e33328ecc0, 0x000001e33328f9b0,
0x000001e3332a3f40, 0x000001e3332d8a50, 0x000001e33365df40, 0x000001e333671a80,
0x000001e379336b00
}

Java Threads: ( => current thread )
  0x000001e3163004f0 JavaThread "main" [_thread_in_vm, id=19664, stack(0x000000a98c600000,0x000000a98c700000)]
  0x000001e333279780 JavaThread "Reference Handler" daemon [_thread_blocked, id=29332, stack(0x000000a98cd00000,0x000000a98ce00000)]
  0x000001e33327a600 JavaThread "Finalizer" daemon [_thread_blocked, id=9788, stack(0x000000a98ce00000,0x000000a98cf00000)]
  0x000001e33328ae70 JavaThread "Signal Dispatcher" daemon [_thread_blocked, id=16452, stack(0x000000a98cf00000,0x000000a98d000000)]
  0x000001e33328d940 JavaThread "Attach Listener" daemon [_thread_blocked, id=5420, stack(0x000000a98d000000,0x000000a98d100000)]
  0x000001e33328e300 JavaThread "Service Thread" daemon [_thread_blocked, id=30200, stack(0x000000a98d100000,0x000000a98d200000)]
  0x000001e33328ecc0 JavaThread "Monitor Deflation Thread" daemon [_thread_blocked, id=16184, stack(0x000000a98d200000,0x000000a98d300000)]
=>0x000001e33328f9b0 JavaThread "C2 CompilerThread0" daemon [_thread_in_native, id=30232, stack(0x000000a98d300000,0x000000a98d400000)]
  0x000001e3332a3f40 JavaThread "C1 CompilerThread0" daemon [_thread_blocked, id=7276, stack(0x000000a98d400000,0x000000a98d500000)]
  0x000001e3332d8a50 JavaThread "Sweeper thread" daemon [_thread_blocked, id=8708, stack(0x000000a98d500000,0x000000a98d600000)]
  0x000001e33365df40 JavaThread "Notification Thread" daemon [_thread_blocked, id=23868, stack(0x000000a98d600000,0x000000a98d700000)]
  0x000001e333671a80 JavaThread "Common-Cleaner" daemon [_thread_blocked, id=3028, stack(0x000000a98d800000,0x000000a98d900000)]
  0x000001e379336b00 JavaThread "ReaderThread" [_thread_in_native, id=4400, stack(0x000000a98d900000,0x000000a98da00000)]

Other Threads:
  0x000001e333276780 VMThread "VM Thread" [stack: 0x000000a98cc00000,0x000000a98cd00000] [id=12760]
  0x000001e316370900 WatcherThread [stack: 0x000000a98d700000,0x000000a98d800000] [id=26220]
  0x000001e31634c170 GCTaskThread "GC Thread#0" [stack: 0x000000a98c700000,0x000000a98c800000] [id=30192]
  0x000001e379a02250 GCTaskThread "GC Thread#1" [stack: 0x000000a98da00000,0x000000a98db00000] [id=11216]
  0x000001e379a02510 GCTaskThread "GC Thread#2" [stack: 0x000000a98db00000,0x000000a98dc00000] [id=2488]
  0x000001e379a027d0 GCTaskThread "GC Thread#3" [stack: 0x000000a98dc00000,0x000000a98dd00000] [id=12968]
  0x000001e37a0912b0 GCTaskThread "GC Thread#4" [stack: 0x000000a98dd00000,0x000000a98de00000] [id=24560]
  0x000001e37a091570 GCTaskThread "GC Thread#5" [stack: 0x000000a98de00000,0x000000a98df00000] [id=30568]
  0x000001e37a091a40 GCTaskThread "GC Thread#6" [stack: 0x000000a98df00000,0x000000a98e000000] [id=21332]
  0x000001e37ac86680 GCTaskThread "GC Thread#7" [stack: 0x000000a98e100000,0x000000a98e200000] [id=14940]
  0x000001e316358b40 ConcurrentGCThread "G1 Main Marker" [stack: 0x000000a98c800000,0x000000a98c900000] [id=21112]
  0x000001e316359550 ConcurrentGCThread "G1 Conc#0" [stack: 0x000000a98c900000,0x000000a98ca00000] [id=4816]
  0x000001e37ac86940 ConcurrentGCThread "G1 Conc#1" [stack: 0x000000a98e200000,0x000000a98e300000] [id=31564]
  0x000001e333132110 ConcurrentGCThread "G1 Refine#0" [stack: 0x000000a98ca00000,0x000000a98cb00000] [id=2052]
  0x000001e333132a50 ConcurrentGCThread "G1 Service" [stack: 0x000000a98cb00000,0x000000a98cc00000] [id=11660]

Threads with active compile tasks:
C2 CompilerThread0    10946 4371       4       org.springframework.core.ResolvableType::forType (112 bytes)

VM state: not at safepoint (normal execution)

VM Mutex/Monitor currently owned by a thread: None

Heap address: 0x00000000a2c00000, size: 1492 MB, Compressed Oops mode: 32-bit

CDS archive(s) mapped at: [0x000001e334000000-0x000001e334bd0000-0x000001e334bd0000), size 12386304, SharedBaseAddress: 0x000001e334000000, ArchiveRelocationMode: 1.
Compressed class space mapped at: 0x000001e335000000-0x000001e375000000, reserved size: 1073741824
Narrow klass base: 0x000001e334000000, Narrow klass shift: 0, Narrow klass range: 0x100000000

GC Precious Log:
 CPUs: 8 total, 8 available
 Memory: 5965M
 Large Page Support: Disabled
 NUMA Support: Disabled
 Compressed Oops: Enabled (32-bit)
 Heap Region Size: 1M
 Heap Min Capacity: 8M
 Heap Initial Capacity: 94M
 Heap Max Capacity: 1492M
 Pre-touch: Disabled
 Parallel Workers: 8
 Concurrent Workers: 2
 Concurrent Refinement Workers: 8
 Periodic GC: Disabled

Heap:
 garbage-first heap   total 81920K, used 34446K [0x00000000a2c00000, 0x0000000100000000)
  region size 1024K, 5 young (5120K), 2 survivors (2048K)
 Metaspace       used 35985K, committed 36352K, reserved 1114112K
  class space    used 4705K, committed 4864K, reserved 1048576K

Heap Regions: E=young(eden), S=young(survivor), O=old, HS=humongous(starts), HC=humongous(continues), CS=collection set, F=free, OA=open archive, CA=closed archive, TAMS=top-at-mark-start (previous, next)
|   0|0x00000000a2c00000, 0x00000000a2d00000, 0x00000000a2d00000|100%|HS|  |TAMS 0x00000000a2d00000, 0x00000000a2c00000| Complete 
|   1|0x00000000a2d00000, 0x00000000a2e00000, 0x00000000a2e00000|100%|HS|  |TAMS 0x00000000a2e00000, 0x00000000a2d00000| Complete 
|   2|0x00000000a2e00000, 0x00000000a2f00000, 0x00000000a2f00000|100%|HS|  |TAMS 0x00000000a2f00000, 0x00000000a2e00000| Complete 
|   3|0x00000000a2f00000, 0x00000000a3000000, 0x00000000a3000000|100%|HS|  |TAMS 0x00000000a3000000, 0x00000000a2f00000| Complete 
|   4|0x00000000a3000000, 0x00000000a3100000, 0x00000000a3100000|100%| O|  |TAMS 0x00000000a3100000, 0x00000000a3000000| Untracked 
|   5|0x00000000a3100000, 0x00000000a3200000, 0x00000000a3200000|100%| O|  |TAMS 0x00000000a3200000, 0x00000000a3100000| Untracked 
|   6|0x00000000a3200000, 0x00000000a3300000, 0x00000000a3300000|100%| O|  |TAMS 0x00000000a3300000, 0x00000000a3200000| Untracked 
|   7|0x00000000a3300000, 0x00000000a3400000, 0x00000000a3400000|100%| O|  |TAMS 0x00000000a3400000, 0x00000000a3300000| Untracked 
|   8|0x00000000a3400000, 0x00000000a3500000, 0x00000000a3500000|100%| O|  |TAMS 0x00000000a3500000, 0x00000000a3400000| Untracked 
|   9|0x00000000a3500000, 0x00000000a3600000, 0x00000000a3600000|100%| O|  |TAMS 0x00000000a3600000, 0x00000000a3500000| Untracked 
|  10|0x00000000a3600000, 0x00000000a3700000, 0x00000000a3700000|100%| O|  |TAMS 0x00000000a3700000, 0x00000000a3600000| Untracked 
|  11|0x00000000a3700000, 0x00000000a3800000, 0x00000000a3800000|100%| O|  |TAMS 0x00000000a3800000, 0x00000000a3700000| Untracked 
|  12|0x00000000a3800000, 0x00000000a3900000, 0x00000000a3900000|100%| O|  |TAMS 0x00000000a3900000, 0x00000000a3800000| Untracked 
|  13|0x00000000a3900000, 0x00000000a3a00000, 0x00000000a3a00000|100%| O|  |TAMS 0x00000000a3a00000, 0x00000000a3900000| Untracked 
|  14|0x00000000a3a00000, 0x00000000a3b00000, 0x00000000a3b00000|100%| O|  |TAMS 0x00000000a3b00000, 0x00000000a3a00000| Untracked 
|  15|0x00000000a3b00000, 0x00000000a3c00000, 0x00000000a3c00000|100%| O|  |TAMS 0x00000000a3c00000, 0x00000000a3b00000| Untracked 
|  16|0x00000000a3c00000, 0x00000000a3d00000, 0x00000000a3d00000|100%| O|  |TAMS 0x00000000a3d00000, 0x00000000a3c00000| Untracked 
|  17|0x00000000a3d00000, 0x00000000a3e00000, 0x00000000a3e00000|100%| O|  |TAMS 0x00000000a3e00000, 0x00000000a3d00000| Untracked 
|  18|0x00000000a3e00000, 0x00000000a3f00000, 0x00000000a3f00000|100%| O|  |TAMS 0x00000000a3f00000, 0x00000000a3e00000| Untracked 
|  19|0x00000000a3f00000, 0x00000000a3ff4400, 0x00000000a4000000| 95%| O|  |TAMS 0x00000000a3ff4400, 0x00000000a3f00000| Untracked 
|  20|0x00000000a4000000, 0x00000000a4100000, 0x00000000a4100000|100%| O|  |TAMS 0x00000000a4100000, 0x00000000a4000000| Untracked 
|  21|0x00000000a4100000, 0x00000000a4200000, 0x00000000a4200000|100%| O|  |TAMS 0x00000000a4200000, 0x00000000a4100000| Untracked 
|  22|0x00000000a4200000, 0x00000000a4300000, 0x00000000a4300000|100%| O|  |TAMS 0x00000000a4300000, 0x00000000a4200000| Untracked 
|  23|0x00000000a4300000, 0x00000000a4400000, 0x00000000a4400000|100%| O|  |TAMS 0x00000000a4400000, 0x00000000a4300000| Untracked 
|  24|0x00000000a4400000, 0x00000000a4500000, 0x00000000a4500000|100%| O|  |TAMS 0x00000000a4500000, 0x00000000a4400000| Untracked 
|  25|0x00000000a4500000, 0x00000000a4600000, 0x00000000a4600000|100%| O|  |TAMS 0x00000000a4600000, 0x00000000a4500000| Untracked 
|  26|0x00000000a4600000, 0x00000000a4700000, 0x00000000a4700000|100%| O|  |TAMS 0x00000000a4700000, 0x00000000a4600000| Untracked 
|  27|0x00000000a4700000, 0x00000000a4800000, 0x00000000a4800000|100%| O|  |TAMS 0x00000000a4800000, 0x00000000a4700000| Untracked 
|  28|0x00000000a4800000, 0x00000000a4900000, 0x00000000a4900000|100%| O|  |TAMS 0x00000000a4825a00, 0x00000000a4800000| Untracked 
|  29|0x00000000a4900000, 0x00000000a4a00000, 0x00000000a4a00000|100%| O|  |TAMS 0x00000000a4900000, 0x00000000a4900000| Untracked 
|  30|0x00000000a4a00000, 0x00000000a4a54000, 0x00000000a4b00000| 32%| O|  |TAMS 0x00000000a4a00000, 0x00000000a4a00000| Untracked 
|  31|0x00000000a4b00000, 0x00000000a4b00000, 0x00000000a4c00000|  0%| F|  |TAMS 0x00000000a4b00000, 0x00000000a4b00000| Untracked 
|  32|0x00000000a4c00000, 0x00000000a4c00000, 0x00000000a4d00000|  0%| F|  |TAMS 0x00000000a4c00000, 0x00000000a4c00000| Untracked 
|  33|0x00000000a4d00000, 0x00000000a4d00000, 0x00000000a4e00000|  0%| F|  |TAMS 0x00000000a4d00000, 0x00000000a4d00000| Untracked 
|  34|0x00000000a4e00000, 0x00000000a4e00000, 0x00000000a4f00000|  0%| F|  |TAMS 0x00000000a4e00000, 0x00000000a4e00000| Untracked 
|  35|0x00000000a4f00000, 0x00000000a4f00000, 0x00000000a5000000|  0%| F|  |TAMS 0x00000000a4f00000, 0x00000000a4f00000| Untracked 
|  36|0x00000000a5000000, 0x00000000a5000000, 0x00000000a5100000|  0%| F|  |TAMS 0x00000000a5000000, 0x00000000a5000000| Untracked 
|  37|0x00000000a5100000, 0x00000000a5100000, 0x00000000a5200000|  0%| F|  |TAMS 0x00000000a5100000, 0x00000000a5100000| Untracked 
|  38|0x00000000a5200000, 0x00000000a5200000, 0x00000000a5300000|  0%| F|  |TAMS 0x00000000a5200000, 0x00000000a5200000| Untracked 
|  39|0x00000000a5300000, 0x00000000a5300000, 0x00000000a5400000|  0%| F|  |TAMS 0x00000000a5300000, 0x00000000a5300000| Untracked 
|  40|0x00000000a5400000, 0x00000000a5400000, 0x00000000a5500000|  0%| F|  |TAMS 0x00000000a5400000, 0x00000000a5400000| Untracked 
|  41|0x00000000a5500000, 0x00000000a5500000, 0x00000000a5600000|  0%| F|  |TAMS 0x00000000a5500000, 0x00000000a5500000| Untracked 
|  42|0x00000000a5600000, 0x00000000a5600000, 0x00000000a5700000|  0%| F|  |TAMS 0x00000000a5600000, 0x00000000a5600000| Untracked 
|  43|0x00000000a5700000, 0x00000000a5700000, 0x00000000a5800000|  0%| F|  |TAMS 0x00000000a5700000, 0x00000000a5700000| Untracked 
|  44|0x00000000a5800000, 0x00000000a5800000, 0x00000000a5900000|  0%| F|  |TAMS 0x00000000a5800000, 0x00000000a5800000| Untracked 
|  45|0x00000000a5900000, 0x00000000a5900000, 0x00000000a5a00000|  0%| F|  |TAMS 0x00000000a5900000, 0x00000000a5900000| Untracked 
|  46|0x00000000a5a00000, 0x00000000a5a00000, 0x00000000a5b00000|  0%| F|  |TAMS 0x00000000a5a00000, 0x00000000a5a00000| Untracked 
|  47|0x00000000a5b00000, 0x00000000a5b00000, 0x00000000a5c00000|  0%| F|  |TAMS 0x00000000a5b00000, 0x00000000a5b00000| Untracked 
|  48|0x00000000a5c00000, 0x00000000a5c00000, 0x00000000a5d00000|  0%| F|  |TAMS 0x00000000a5c00000, 0x00000000a5c00000| Untracked 
|  49|0x00000000a5d00000, 0x00000000a5d00000, 0x00000000a5e00000|  0%| F|  |TAMS 0x00000000a5d00000, 0x00000000a5d00000| Untracked 
|  50|0x00000000a5e00000, 0x00000000a5e00000, 0x00000000a5f00000|  0%| F|  |TAMS 0x00000000a5e00000, 0x00000000a5e00000| Untracked 
|  51|0x00000000a5f00000, 0x00000000a5f00000, 0x00000000a6000000|  0%| F|  |TAMS 0x00000000a5f00000, 0x00000000a5f00000| Untracked 
|  52|0x00000000a6000000, 0x00000000a6000000, 0x00000000a6100000|  0%| F|  |TAMS 0x00000000a6000000, 0x00000000a6000000| Untracked 
|  53|0x00000000a6100000, 0x00000000a6100000, 0x00000000a6200000|  0%| F|  |TAMS 0x00000000a6100000, 0x00000000a6100000| Untracked 
|  54|0x00000000a6200000, 0x00000000a6200000, 0x00000000a6300000|  0%| F|  |TAMS 0x00000000a6200000, 0x00000000a6200000| Untracked 
|  55|0x00000000a6300000, 0x00000000a6300000, 0x00000000a6400000|  0%| F|  |TAMS 0x00000000a6300000, 0x00000000a6300000| Untracked 
|  56|0x00000000a6400000, 0x00000000a6400000, 0x00000000a6500000|  0%| F|  |TAMS 0x00000000a6400000, 0x00000000a6400000| Untracked 
|  57|0x00000000a6500000, 0x00000000a6500000, 0x00000000a6600000|  0%| F|  |TAMS 0x00000000a6500000, 0x00000000a6500000| Untracked 
|  58|0x00000000a6600000, 0x00000000a665b668, 0x00000000a6700000| 35%| S|CS|TAMS 0x00000000a6600000, 0x00000000a6600000| Complete 
|  59|0x00000000a6700000, 0x00000000a6800000, 0x00000000a6800000|100%| S|CS|TAMS 0x00000000a6700000, 0x00000000a6700000| Complete 
|  60|0x00000000a6800000, 0x00000000a6800000, 0x00000000a6900000|  0%| F|  |TAMS 0x00000000a6800000, 0x00000000a6800000| Untracked 
|  61|0x00000000a6900000, 0x00000000a6900000, 0x00000000a6a00000|  0%| F|  |TAMS 0x00000000a6900000, 0x00000000a6900000| Untracked 
|  62|0x00000000a6a00000, 0x00000000a6a00000, 0x00000000a6b00000|  0%| F|  |TAMS 0x00000000a6a00000, 0x00000000a6a00000| Untracked 
|  63|0x00000000a6b00000, 0x00000000a6b00000, 0x00000000a6c00000|  0%| F|  |TAMS 0x00000000a6b00000, 0x00000000a6b00000| Untracked 
|  64|0x00000000a6c00000, 0x00000000a6c00000, 0x00000000a6d00000|  0%| F|  |TAMS 0x00000000a6c00000, 0x00000000a6c00000| Untracked 
|  65|0x00000000a6d00000, 0x00000000a6d00000, 0x00000000a6e00000|  0%| F|  |TAMS 0x00000000a6d00000, 0x00000000a6d00000| Untracked 
|  66|0x00000000a6e00000, 0x00000000a6e00000, 0x00000000a6f00000|  0%| F|  |TAMS 0x00000000a6e00000, 0x00000000a6e00000| Untracked 
|  67|0x00000000a6f00000, 0x00000000a6f00000, 0x00000000a7000000|  0%| F|  |TAMS 0x00000000a6f00000, 0x00000000a6f00000| Untracked 
|  68|0x00000000a7000000, 0x00000000a7000000, 0x00000000a7100000|  0%| F|  |TAMS 0x00000000a7000000, 0x00000000a7000000| Untracked 
|  69|0x00000000a7100000, 0x00000000a7100000, 0x00000000a7200000|  0%| F|  |TAMS 0x00000000a7100000, 0x00000000a7100000| Untracked 
|  70|0x00000000a7200000, 0x00000000a7200000, 0x00000000a7300000|  0%| F|  |TAMS 0x00000000a7200000, 0x00000000a7200000| Untracked 
|  71|0x00000000a7300000, 0x00000000a7300000, 0x00000000a7400000|  0%| F|  |TAMS 0x00000000a7300000, 0x00000000a7300000| Untracked 
|  72|0x00000000a7400000, 0x00000000a7400000, 0x00000000a7500000|  0%| F|  |TAMS 0x00000000a7400000, 0x00000000a7400000| Untracked 
|  73|0x00000000a7500000, 0x00000000a7500000, 0x00000000a7600000|  0%| F|  |TAMS 0x00000000a7500000, 0x00000000a7500000| Untracked 
|  74|0x00000000a7600000, 0x00000000a7600000, 0x00000000a7700000|  0%| F|  |TAMS 0x00000000a7600000, 0x00000000a7600000| Untracked 
|  75|0x00000000a7700000, 0x00000000a7700000, 0x00000000a7800000|  0%| F|  |TAMS 0x00000000a7700000, 0x00000000a7700000| Untracked 
|  76|0x00000000a7800000, 0x00000000a7880800, 0x00000000a7900000| 50%| E|  |TAMS 0x00000000a7800000, 0x00000000a7800000| Complete 
|  77|0x00000000a7900000, 0x00000000a7a00000, 0x00000000a7a00000|100%| E|CS|TAMS 0x00000000a7900000, 0x00000000a7900000| Complete 
|  78|0x00000000a7a00000, 0x00000000a7b00000, 0x00000000a7b00000|100%| E|CS|TAMS 0x00000000a7a00000, 0x00000000a7a00000| Complete 
|  93|0x00000000a8900000, 0x00000000a8a00000, 0x00000000a8a00000|100%| E|CS|TAMS 0x00000000a8900000, 0x00000000a8900000| Complete 

Card table byte_map: [0x000001e32d3e0000,0x000001e32d6d0000] _byte_map_base: 0x000001e32ceca000

Marking Bits (Prev, Next): (CMBitMap*) 0x000001e31634c790, (CMBitMap*) 0x000001e31634c7d0
 Prev Bits: [0x000001e32d9c0000, 0x000001e32f110000)
 Next Bits: [0x000001e32f110000, 0x000001e330860000)

Polling page: 0x000001e314200000

Metaspace:

Usage:
  Non-class:     30.55 MB used.
      Class:      4.59 MB used.
       Both:     35.14 MB used.

Virtual space:
  Non-class space:       64.00 MB reserved,      30.75 MB ( 48%) committed,  1 nodes.
      Class space:        1.00 GB reserved,       4.75 MB ( <1%) committed,  1 nodes.
             Both:        1.06 GB reserved,      35.50 MB (  3%) committed. 

Chunk freelists:
   Non-Class:  739.00 KB
       Class:  11.27 MB
        Both:  11.99 MB

MaxMetaspaceSize: unlimited
CompressedClassSpaceSize: 1.00 GB
Initial GC threshold: 21.00 MB
Current GC threshold: 59.00 MB
CDS: on
MetaspaceReclaimPolicy: balanced
 - commit_granule_bytes: 65536.
 - commit_granule_words: 8192.
 - virtual_space_node_default_size: 8388608.
 - enlarge_chunks_in_place: 1.
 - new_chunks_are_fully_committed: 0.
 - uncommit_free_chunks: 1.
 - use_allocation_guard: 0.
 - handle_deallocations: 1.


Internal statistics:

num_allocs_failed_limit: 8.
num_arena_births: 474.
num_arena_deaths: 0.
num_vsnodes_births: 2.
num_vsnodes_deaths: 0.
num_space_committed: 568.
num_space_uncommitted: 0.
num_chunks_returned_to_freelist: 8.
num_chunks_taken_from_freelist: 1758.
num_chunk_merges: 8.
num_chunk_splits: 1231.
num_chunks_enlarged: 933.
num_inconsistent_stats: 0.

CodeHeap 'non-profiled nmethods': size=120000Kb used=2089Kb max_used=2089Kb free=117910Kb
 bounds [0x000001e325890000, 0x000001e325b00000, 0x000001e32cdc0000]
CodeHeap 'profiled nmethods': size=120000Kb used=9735Kb max_used=9735Kb free=110264Kb
 bounds [0x000001e31ddc0000, 0x000001e31e750000, 0x000001e3252f0000]
CodeHeap 'non-nmethods': size=5760Kb used=1569Kb max_used=1610Kb free=4190Kb
 bounds [0x000001e3252f0000, 0x000001e325560000, 0x000001e325890000]
 total_blobs=5016 nmethods=4390 adapters=537
 compilation: enabled
              stopped_count=0, restarted_count=0
 full_count=0

Compilation events (20 events):
Event: 10.588 Thread 0x000001e3332a3f40 4391   !   3       org.springframework.boot.autoconfigure.condition.OnBeanCondition$Spec::<init> (259 bytes)
Event: 10.590 Thread 0x000001e3332a3f40 nmethod 4391 0x000001e31e729c90 code [0x000001e31e72a100, 0x000001e31e72cb48]
Event: 10.592 Thread 0x000001e3332a3f40 4392       3       org.springframework.boot.autoconfigure.condition.OnBeanCondition$Spec::extractTypes (20 bytes)
Event: 10.592 Thread 0x000001e3332a3f40 nmethod 4392 0x000001e31e72d590 code [0x000001e31e72d760, 0x000001e31e72dc68]
Event: 10.592 Thread 0x000001e3332a3f40 4393       3       org.springframework.boot.autoconfigure.condition.OnBeanCondition::getMatchingBeans (332 bytes)
Event: 10.594 Thread 0x000001e3332a3f40 nmethod 4393 0x000001e31e72dd90 code [0x000001e31e72e280, 0x000001e31e730d98]
Event: 10.594 Thread 0x000001e3332a3f40 4394       3       org.springframework.boot.autoconfigure.condition.OnBeanCondition::getSearchBeanFactory (44 bytes)
Event: 10.595 Thread 0x000001e3332a3f40 nmethod 4394 0x000001e31e731c90 code [0x000001e31e731e80, 0x000001e31e732588]
Event: 10.595 Thread 0x000001e3332a3f40 4395       3       org.springframework.boot.autoconfigure.condition.OnBeanCondition$MatchResult::<init> (82 bytes)
Event: 10.596 Thread 0x000001e3332a3f40 nmethod 4395 0x000001e31e732810 code [0x000001e31e732b00, 0x000001e31e733ed8]
Event: 10.598 Thread 0x000001e3332a3f40 4396       3       org.springframework.boot.autoconfigure.condition.OnBeanCondition$Spec::toString (240 bytes)
Event: 10.599 Thread 0x000001e3332a3f40 nmethod 4396 0x000001e31e734410 code [0x000001e31e734820, 0x000001e31e735f38]
Event: 10.627 Thread 0x000001e3332a3f40 4397       3       org.springframework.boot.autoconfigure.condition.OnBeanCondition::collectBeanDefinitionsForType (145 bytes)
Event: 10.627 Thread 0x000001e3332a3f40 nmethod 4397 0x000001e31e736790 code [0x000001e31e736a20, 0x000001e31e737af8]
Event: 10.629 Thread 0x000001e3332a3f40 4398       3       java.lang.Boolean::hashCode (8 bytes)
Event: 10.629 Thread 0x000001e3332a3f40 nmethod 4398 0x000001e31e737e90 code [0x000001e31e738040, 0x000001e31e738238]
Event: 10.632 Thread 0x000001e3332a3f40 4399       3       org.springframework.core.annotation.AnnotatedElementUtils::findMergedAnnotationAttributes (24 bytes)
Event: 10.632 Thread 0x000001e3332a3f40 nmethod 4399 0x000001e31e738310 code [0x000001e31e738520, 0x000001e31e738b48]
Event: 10.632 Thread 0x000001e3332a3f40 4400       3       org.springframework.core.annotation.AnnotatedElementUtils::getAnnotationAttributes (23 bytes)
Event: 10.633 Thread 0x000001e3332a3f40 nmethod 4400 0x000001e31e738d90 code [0x000001e31e738fc0, 0x000001e31e739838]

GC Heap History (16 events):
Event: 1.161 GC heap before
{Heap before GC invocations=0 (full 0):
 garbage-first heap   total 96256K, used 27648K [0x00000000a2c00000, 0x0000000100000000)
  region size 1024K, 23 young (23552K), 0 survivors (0K)
 Metaspace       used 3504K, committed 3712K, reserved 1114112K
  class space    used 403K, committed 512K, reserved 1048576K
}
Event: 1.167 GC heap after
{Heap after GC invocations=1 (full 0):
 garbage-first heap   total 96256K, used 13113K [0x00000000a2c00000, 0x0000000100000000)
  region size 1024K, 3 young (3072K), 3 survivors (3072K)
 Metaspace       used 3504K, committed 3712K, reserved 1114112K
  class space    used 403K, committed 512K, reserved 1048576K
}
Event: 2.613 GC heap before
{Heap before GC invocations=1 (full 0):
 garbage-first heap   total 96256K, used 38713K [0x00000000a2c00000, 0x0000000100000000)
  region size 1024K, 28 young (28672K), 3 survivors (3072K)
 Metaspace       used 9968K, committed 10176K, reserved 1114112K
  class space    used 1264K, committed 1344K, reserved 1048576K
}
Event: 2.618 GC heap after
{Heap after GC invocations=2 (full 0):
 garbage-first heap   total 96256K, used 15240K [0x00000000a2c00000, 0x0000000100000000)
  region size 1024K, 3 young (3072K), 3 survivors (3072K)
 Metaspace       used 9968K, committed 10176K, reserved 1114112K
  class space    used 1264K, committed 1344K, reserved 1048576K
}
Event: 4.311 GC heap before
{Heap before GC invocations=2 (full 0):
 garbage-first heap   total 96256K, used 58248K [0x00000000a2c00000, 0x0000000100000000)
  region size 1024K, 41 young (41984K), 3 survivors (3072K)
 Metaspace       used 17203K, committed 17536K, reserved 1114112K
  class space    used 2279K, committed 2432K, reserved 1048576K
}
Event: 4.319 GC heap after
{Heap after GC invocations=3 (full 0):
 garbage-first heap   total 96256K, used 20399K [0x00000000a2c00000, 0x0000000100000000)
  region size 1024K, 6 young (6144K), 6 survivors (6144K)
 Metaspace       used 17203K, committed 17536K, reserved 1114112K
  class space    used 2279K, committed 2432K, reserved 1048576K
}
Event: 4.850 GC heap before
{Heap before GC invocations=3 (full 0):
 garbage-first heap   total 96256K, used 40879K [0x00000000a2c00000, 0x0000000100000000)
  region size 1024K, 28 young (28672K), 6 survivors (6144K)
 Metaspace       used 21168K, committed 21504K, reserved 1114112K
  class space    used 2806K, committed 3008K, reserved 1048576K
}
Event: 4.862 GC heap after
{Heap after GC invocations=4 (full 0):
 garbage-first heap   total 96256K, used 22646K [0x00000000a2c00000, 0x0000000100000000)
  region size 1024K, 3 young (3072K), 3 survivors (3072K)
 Metaspace       used 21168K, committed 21504K, reserved 1114112K
  class space    used 2806K, committed 3008K, reserved 1048576K
}
Event: 6.274 GC heap before
{Heap before GC invocations=5 (full 0):
 garbage-first heap   total 81920K, used 61558K [0x00000000a2c00000, 0x0000000100000000)
  region size 1024K, 41 young (41984K), 3 survivors (3072K)
 Metaspace       used 28260K, committed 28608K, reserved 1114112K
  class space    used 3669K, committed 3840K, reserved 1048576K
}
Event: 6.280 GC heap after
{Heap after GC invocations=6 (full 0):
 garbage-first heap   total 81920K, used 25502K [0x00000000a2c00000, 0x0000000100000000)
  region size 1024K, 5 young (5120K), 5 survivors (5120K)
 Metaspace       used 28260K, committed 28608K, reserved 1114112K
  class space    used 3669K, committed 3840K, reserved 1048576K
}
Event: 8.271 GC heap before
{Heap before GC invocations=6 (full 0):
 garbage-first heap   total 81920K, used 57246K [0x00000000a2c00000, 0x0000000100000000)
  region size 1024K, 36 young (36864K), 5 survivors (5120K)
 Metaspace       used 31145K, committed 31552K, reserved 1114112K
  class space    used 3999K, committed 4160K, reserved 1048576K
}
Event: 8.278 GC heap after
{Heap after GC invocations=7 (full 0):
 garbage-first heap   total 81920K, used 29182K [0x00000000a2c00000, 0x0000000100000000)
  region size 1024K, 4 young (4096K), 4 survivors (4096K)
 Metaspace       used 31145K, committed 31552K, reserved 1114112K
  class space    used 3999K, committed 4160K, reserved 1048576K
}
Event: 9.550 GC heap before
{Heap before GC invocations=7 (full 0):
 garbage-first heap   total 81920K, used 58878K [0x00000000a2c00000, 0x0000000100000000)
  region size 1024K, 33 young (33792K), 4 survivors (4096K)
 Metaspace       used 33799K, committed 34176K, reserved 1114112K
  class space    used 4368K, committed 4544K, reserved 1048576K
}
Event: 9.556 GC heap after
{Heap after GC invocations=8 (full 0):
 garbage-first heap   total 81920K, used 31245K [0x00000000a2c00000, 0x0000000100000000)
  region size 1024K, 3 young (3072K), 3 survivors (3072K)
 Metaspace       used 33799K, committed 34176K, reserved 1114112K
  class space    used 4368K, committed 4544K, reserved 1048576K
}
Event: 10.617 GC heap before
{Heap before GC invocations=8 (full 0):
 garbage-first heap   total 81920K, used 50701K [0x00000000a2c00000, 0x0000000100000000)
  region size 1024K, 23 young (23552K), 3 survivors (3072K)
 Metaspace       used 35822K, committed 36160K, reserved 1114112K
  class space    used 4667K, committed 4800K, reserved 1048576K
}
Event: 10.622 GC heap after
{Heap after GC invocations=9 (full 0):
 garbage-first heap   total 81920K, used 32398K [0x00000000a2c00000, 0x0000000100000000)
  region size 1024K, 2 young (2048K), 2 survivors (2048K)
 Metaspace       used 35822K, committed 36160K, reserved 1114112K
  class space    used 4667K, committed 4800K, reserved 1048576K
}

Dll operation events (8 events):
Event: 0.017 Loaded shared library C:\Program Files\Eclipse Adoptium\jdk-17.0.8.7-hotspot\bin\java.dll
Event: 0.047 Loaded shared library C:\Program Files\Eclipse Adoptium\jdk-17.0.8.7-hotspot\bin\jsvml.dll
Event: 0.276 Loaded shared library C:\Program Files\Eclipse Adoptium\jdk-17.0.8.7-hotspot\bin\net.dll
Event: 0.278 Loaded shared library C:\Program Files\Eclipse Adoptium\jdk-17.0.8.7-hotspot\bin\nio.dll
Event: 0.282 Loaded shared library C:\Program Files\Eclipse Adoptium\jdk-17.0.8.7-hotspot\bin\zip.dll
Event: 0.580 Loaded shared library C:\Program Files\Eclipse Adoptium\jdk-17.0.8.7-hotspot\bin\jimage.dll
Event: 5.450 Loaded shared library C:\Program Files\Eclipse Adoptium\jdk-17.0.8.7-hotspot\bin\verify.dll
Event: 6.771 Loaded shared library C:\Program Files\Eclipse Adoptium\jdk-17.0.8.7-hotspot\bin\sunmscapi.dll

Deoptimization events (20 events):
Event: 10.281 Thread 0x000001e3163004f0 Uncommon trap: trap_request=0xffffff45 fr.pc=0x000001e3259bf53c relative=0x00000000000002fc
Event: 10.281 Thread 0x000001e3163004f0 Uncommon trap: reason=unstable_if action=reinterpret pc=0x000001e3259bf53c method=java.util.Spliterators$IteratorSpliterator.tryAdvance(Ljava/util/function/Consumer;)Z @ 16 c2
Event: 10.281 Thread 0x000001e3163004f0 DEOPT PACKING pc=0x000001e3259bf53c sp=0x000000a98c6fbb80
Event: 10.281 Thread 0x000001e3163004f0 DEOPT UNPACKING pc=0x000001e3253469a3 sp=0x000000a98c6fbb30 mode 2
Event: 10.515 Thread 0x000001e3163004f0 Uncommon trap: trap_request=0xffffff45 fr.pc=0x000001e325a6fd84 relative=0x0000000000000724
Event: 10.515 Thread 0x000001e3163004f0 Uncommon trap: reason=unstable_if action=reinterpret pc=0x000001e325a6fd84 method=org.springframework.beans.factory.support.RootBeanDefinition.getTargetType()Ljava/lang/Class; @ 18 c2
Event: 10.515 Thread 0x000001e3163004f0 DEOPT PACKING pc=0x000001e325a6fd84 sp=0x000000a98c6fba00
Event: 10.515 Thread 0x000001e3163004f0 DEOPT UNPACKING pc=0x000001e3253469a3 sp=0x000000a98c6fb860 mode 2
Event: 10.515 Thread 0x000001e3163004f0 Uncommon trap: trap_request=0xffffff45 fr.pc=0x000001e325a78e84 relative=0x0000000000000524
Event: 10.515 Thread 0x000001e3163004f0 Uncommon trap: reason=unstable_if action=reinterpret pc=0x000001e325a78e84 method=org.springframework.beans.factory.support.RootBeanDefinition.getTargetType()Ljava/lang/Class; @ 18 c2
Event: 10.515 Thread 0x000001e3163004f0 DEOPT PACKING pc=0x000001e325a78e84 sp=0x000000a98c6fb940
Event: 10.515 Thread 0x000001e3163004f0 DEOPT UNPACKING pc=0x000001e3253469a3 sp=0x000000a98c6fb820 mode 2
Event: 10.515 Thread 0x000001e3163004f0 Uncommon trap: trap_request=0xffffff45 fr.pc=0x000001e325a78428 relative=0x0000000000000268
Event: 10.515 Thread 0x000001e3163004f0 Uncommon trap: reason=unstable_if action=reinterpret pc=0x000001e325a78428 method=org.springframework.beans.factory.support.RootBeanDefinition.getTargetType()Ljava/lang/Class; @ 18 c2
Event: 10.515 Thread 0x000001e3163004f0 DEOPT PACKING pc=0x000001e325a78428 sp=0x000000a98c6fb890
Event: 10.515 Thread 0x000001e3163004f0 DEOPT UNPACKING pc=0x000001e3253469a3 sp=0x000000a98c6fb810 mode 2
Event: 10.515 Thread 0x000001e3163004f0 Uncommon trap: trap_request=0xffffff45 fr.pc=0x000001e325a8ffc0 relative=0x00000000000022e0
Event: 10.515 Thread 0x000001e3163004f0 Uncommon trap: reason=unstable_if action=reinterpret pc=0x000001e325a8ffc0 method=org.springframework.beans.factory.support.AbstractBeanFactory.isTypeMatch(Ljava/lang/String;Lorg/springframework/core/ResolvableType;Z)Z @ 697 c2
Event: 10.515 Thread 0x000001e3163004f0 DEOPT PACKING pc=0x000001e325a8ffc0 sp=0x000000a98c6fb9e0
Event: 10.515 Thread 0x000001e3163004f0 DEOPT UNPACKING pc=0x000001e3253469a3 sp=0x000000a98c6fb998 mode 2

Classes unloaded (0 events):
No events

Classes redefined (0 events):
No events

Internal exceptions (20 events):
Event: 4.994 Thread 0x000001e3163004f0 Exception <a 'java/lang/ClassNotFoundException'{0x00000000a78f6c00}: groovy/lang/ExpandoMetaClassCustomizer> (0x00000000a78f6c00) 
thrown [s\src\hotspot\share\classfile\systemDictionary.cpp, line 256]
Event: 5.036 Thread 0x000001e3163004f0 Exception <a 'java/lang/ClassNotFoundException'{0x00000000a76e6938}: org/springframework/beans/factory/groovy/GroovyBeanDefinitionReaderBeanInfo> (0x00000000a76e6938) 
thrown [s\src\hotspot\share\classfile\systemDictionary.cpp, line 256]
Event: 5.039 Thread 0x000001e3163004f0 Exception <a 'java/lang/ClassNotFoundException'{0x00000000a76ef830}: org/springframework/beans/factory/support/AbstractBeanDefinitionReaderBeanInfo> (0x00000000a76ef830) 
thrown [s\src\hotspot\share\classfile\systemDictionary.cpp, line 256]
Event: 5.041 Thread 0x000001e3163004f0 Exception <a 'java/lang/ClassNotFoundException'{0x00000000a76f8838}: org/springframework/beans/factory/support/AbstractBeanDefinitionReaderCustomizer> (0x00000000a76f8838) 
thrown [s\src\hotspot\share\classfile\systemDictionary.cpp, line 256]
Event: 5.044 Thread 0x000001e3163004f0 Exception <a 'java/lang/ClassNotFoundException'{0x00000000a75905d8}: org/springframework/beans/factory/groovy/GroovyBeanDefinitionReaderCustomizer> (0x00000000a75905d8) 
thrown [s\src\hotspot\share\classfile\systemDictionary.cpp, line 256]
Event: 5.396 Thread 0x000001e3163004f0 Exception <a 'sun/nio/fs/WindowsException'{0x00000000a6a47738}> (0x00000000a6a47738) 
thrown [s\src\hotspot\share\prims\jni.cpp, line 516]
Event: 5.407 Thread 0x000001e3163004f0 Exception <a 'sun/nio/fs/WindowsException'{0x00000000a6a67288}> (0x00000000a6a67288) 
thrown [s\src\hotspot\share\prims\jni.cpp, line 516]
Event: 6.284 Thread 0x000001e37a33cab0 Exception <a 'java/lang/NoSuchMethodError'{0x00000000a8976b40}: 'long java.lang.invoke.DirectMethodHandle$Holder.invokeSpecial(java.lang.Object, java.lang.Object)'> (0x00000000a8976b40) 
thrown [s\src\hotspot\share\interpreter\linkResolver.cpp, line 759]
Event: 6.287 Thread 0x000001e37a33cab0 Exception <a 'java/lang/NoSuchMethodError'{0x00000000a8981768}: 'long java.lang.invoke.DirectMethodHandle$Holder.invokeStatic(java.lang.Object, java.lang.Object)'> (0x00000000a8981768) 
thrown [s\src\hotspot\share\interpreter\linkResolver.cpp, line 759]
Event: 6.288 Thread 0x000001e37a33cab0 Exception <a 'java/lang/NoSuchMethodError'{0x00000000a8984ac0}: 'long java.lang.invoke.DirectMethodHandle$Holder.invokeStaticInit(java.lang.Object, java.lang.Object)'> (0x00000000a8984ac0) 
thrown [s\src\hotspot\share\interpreter\linkResolver.cpp, line 759]
Event: 6.290 Thread 0x000001e37a33cab0 Exception <a 'java/lang/NoSuchMethodError'{0x00000000a89923c8}: 'long java.lang.invoke.DirectMethodHandle$Holder.invokeInterface(java.lang.Object, java.lang.Object)'> (0x00000000a89923c8) 
thrown [s\src\hotspot\share\interpreter\linkResolver.cpp, line 759]
Event: 6.291 Thread 0x000001e37a33cab0 Exception <a 'java/lang/IncompatibleClassChangeError'{0x00000000a89956b0}: Found class java.lang.Object, but interface was expected> (0x00000000a89956b0) 
thrown [s\src\hotspot\share\interpreter\linkResolver.cpp, line 826]
Event: 6.298 Thread 0x000001e37a33cab0 Exception <a 'java/lang/NoSuchMethodError'{0x00000000a89cf290}: 'java.lang.Object java.lang.invoke.DirectMethodHandle$Holder.invokeVirtual(java.lang.Object, java.lang.Object, java.lang.Object, java.lang.Object)'> (0x00000000a89cf290) 
thrown [s\src\hotspot\share\interpreter\linkResolver.cpp, line 759]
Event: 10.242 Thread 0x000001e3163004f0 Exception <a 'sun/nio/fs/WindowsException'{0x00000000a6d0a840}> (0x00000000a6d0a840) 
thrown [s\src\hotspot\share\prims\jni.cpp, line 516]
Event: 10.261 Thread 0x000001e3163004f0 Exception <a 'sun/nio/fs/WindowsException'{0x00000000a6d1f130}> (0x00000000a6d1f130) 
thrown [s\src\hotspot\share\prims\jni.cpp, line 516]
Event: 10.382 Thread 0x000001e3163004f0 Exception <a 'sun/nio/fs/WindowsException'{0x00000000a6b582f8}> (0x00000000a6b582f8) 
thrown [s\src\hotspot\share\prims\jni.cpp, line 516]
Event: 10.388 Thread 0x000001e3163004f0 Exception <a 'sun/nio/fs/WindowsException'{0x00000000a6b6cbe8}> (0x00000000a6b6cbe8) 
thrown [s\src\hotspot\share\prims\jni.cpp, line 516]
Event: 10.436 Thread 0x000001e3163004f0 Exception <a 'sun/nio/fs/WindowsException'{0x00000000a6a31850}> (0x00000000a6a31850) 
thrown [s\src\hotspot\share\prims\jni.cpp, line 516]
Event: 10.444 Thread 0x000001e3163004f0 Exception <a 'sun/nio/fs/WindowsException'{0x00000000a6a43a20}> (0x00000000a6a43a20) 
thrown [s\src\hotspot\share\prims\jni.cpp, line 516]
Event: 10.461 Thread 0x000001e3163004f0 Exception <a 'java/lang/NoSuchMethodError'{0x00000000a6a80350}: 'java.lang.Object java.lang.invoke.DirectMethodHandle$Holder.invokeSpecialIFC(java.lang.Object, java.lang.Object, java.lang.Object)'> (0x00000000a6a80350) 
thrown [s\src\hotspot\share\interpreter\linkResolver.cpp, line 759]

VM Operations (20 events):
Event: 9.550 Executing VM operation: G1CollectForAllocation
Event: 9.557 Executing VM operation: G1CollectForAllocation done
Event: 9.974 Executing VM operation: HandshakeAllThreads
Event: 9.974 Executing VM operation: HandshakeAllThreads done
Event: 10.133 Executing VM operation: HandshakeAllThreads
Event: 10.133 Executing VM operation: HandshakeAllThreads done
Event: 10.192 Executing VM operation: HandshakeAllThreads
Event: 10.192 Executing VM operation: HandshakeAllThreads done
Event: 10.194 Executing VM operation: HandshakeAllThreads
Event: 10.194 Executing VM operation: HandshakeAllThreads done
Event: 10.225 Executing VM operation: HandshakeAllThreads
Event: 10.225 Executing VM operation: HandshakeAllThreads done
Event: 10.227 Executing VM operation: HandshakeAllThreads
Event: 10.227 Executing VM operation: HandshakeAllThreads done
Event: 10.324 Executing VM operation: ICBufferFull
Event: 10.325 Executing VM operation: ICBufferFull done
Event: 10.505 Executing VM operation: HandshakeAllThreads
Event: 10.505 Executing VM operation: HandshakeAllThreads done
Event: 10.617 Executing VM operation: CollectForMetadataAllocation
Event: 10.625 Executing VM operation: CollectForMetadataAllocation done

Events (20 events):
Event: 6.762 loading class com/sun/crypto/provider/SunJCE done
Event: 6.776 loading class sun/security/provider/certpath/ldap/JdkLDAP
Event: 6.777 loading class sun/security/provider/certpath/ldap/JdkLDAP done
Event: 6.777 loading class sun/security/provider/certpath/ldap/JdkLDAP$ProviderService
Event: 6.777 loading class sun/security/provider/certpath/ldap/JdkLDAP$ProviderService done
Event: 6.778 loading class com/sun/security/sasl/Provider
Event: 6.778 loading class com/sun/security/sasl/Provider done
Event: 6.778 loading class com/sun/security/sasl/Provider$1
Event: 6.778 loading class com/sun/security/sasl/Provider$1 done
Event: 6.778 loading class com/sun/security/sasl/Provider$ProviderService
Event: 6.778 loading class com/sun/security/sasl/Provider$ProviderService done
Event: 6.784 Thread 0x000001e37a33cab0 Thread exited: 0x000001e37a33cab0
Event: 9.335 loading class java/util/concurrent/ScheduledThreadPoolExecutor
Event: 9.335 loading class java/util/concurrent/ScheduledThreadPoolExecutor done
Event: 10.474 loading class java/util/stream/ReferencePipeline$15
Event: 10.475 loading class java/util/stream/ReferencePipeline$15 done
Event: 10.476 loading class java/util/stream/ReferencePipeline$15$1
Event: 10.476 loading class java/util/stream/ReferencePipeline$15$1 done
Event: 10.524 loading class jdk/internal/access/foreign/MemorySegmentProxy
Event: 10.525 loading class jdk/internal/access/foreign/MemorySegmentProxy done


Dynamic libraries:
0x00007ff605920000 - 0x00007ff60592e000 	C:\Program Files\Eclipse Adoptium\jdk-17.0.8.7-hotspot\bin\java.exe
0x00007ffb2de10000 - 0x00007ffb2e027000 	C:\Windows\SYSTEM32\ntdll.dll
0x00007ffb2c820000 - 0x00007ffb2c8e4000 	C:\Windows\System32\KERNEL32.DLL
0x00007ffb2b430000 - 0x00007ffb2b802000 	C:\Windows\System32\KERNELBASE.dll
0x00007ffb2b1f0000 - 0x00007ffb2b301000 	C:\Windows\System32\ucrtbase.dll
0x00007ffb17310000 - 0x00007ffb17329000 	C:\Program Files\Eclipse Adoptium\jdk-17.0.8.7-hotspot\bin\VCRUNTIME140.dll
0x00007ffb173c0000 - 0x00007ffb173d7000 	C:\Program Files\Eclipse Adoptium\jdk-17.0.8.7-hotspot\bin\jli.dll
0x00007ffb2bd20000 - 0x00007ffb2bed1000 	C:\Windows\System32\USER32.dll
0x00007ffb2b840000 - 0x00007ffb2b866000 	C:\Windows\System32\win32u.dll
0x00007ffb2ca90000 - 0x00007ffb2cab9000 	C:\Windows\System32\GDI32.dll
0x00007ffb2aed0000 - 0x00007ffb2aff3000 	C:\Windows\System32\gdi32full.dll
0x00007ffb2b390000 - 0x00007ffb2b42a000 	C:\Windows\System32\msvcp_win.dll
0x00007ffb08500000 - 0x00007ffb0879b000 	C:\Windows\WinSxS\amd64_microsoft.windows.common-controls_6595b64144ccf1df_6.0.22621.5547_none_27104afb73855772\COMCTL32.dll
0x00007ffb2cc90000 - 0x00007ffb2cd37000 	C:\Windows\System32\msvcrt.dll
0x00007ffb2c120000 - 0x00007ffb2c151000 	C:\Windows\System32\IMM32.DLL
0x00007ffb17300000 - 0x00007ffb1730c000 	C:\Program Files\Eclipse Adoptium\jdk-17.0.8.7-hotspot\bin\vcruntime140_1.dll
0x00007ffacdae0000 - 0x00007ffacdb71000 	C:\Program Files\Eclipse Adoptium\jdk-17.0.8.7-hotspot\bin\msvcp140.dll
0x00007ffa9ddb0000 - 0x00007ffa9e9fc000 	C:\Program Files\Eclipse Adoptium\jdk-17.0.8.7-hotspot\bin\server\jvm.dll
0x00007ffb2d3c0000 - 0x00007ffb2d471000 	C:\Windows\System32\ADVAPI32.dll
0x00007ffb2bee0000 - 0x00007ffb2bf88000 	C:\Windows\System32\sechost.dll
0x00007ffb2b810000 - 0x00007ffb2b838000 	C:\Windows\System32\bcrypt.dll
0x00007ffb2c700000 - 0x00007ffb2c814000 	C:\Windows\System32\RPCRT4.dll
0x00007ffb2abf0000 - 0x00007ffb2ac3d000 	C:\Windows\SYSTEM32\POWRPROF.dll
0x00007ffb08f40000 - 0x00007ffb08f49000 	C:\Windows\SYSTEM32\WSOCK32.dll
0x00007ffb2ca00000 - 0x00007ffb2ca71000 	C:\Windows\System32\WS2_32.dll
0x00007ffb25660000 - 0x00007ffb25694000 	C:\Windows\SYSTEM32\WINMM.dll
0x00007ffb20700000 - 0x00007ffb2070a000 	C:\Windows\SYSTEM32\VERSION.dll
0x00007ffb2ab20000 - 0x00007ffb2ab33000 	C:\Windows\SYSTEM32\UMPDC.dll
0x00007ffb29f00000 - 0x00007ffb29f18000 	C:\Windows\SYSTEM32\kernel.appcore.dll
0x00007ffb17270000 - 0x00007ffb1727a000 	C:\Program Files\Eclipse Adoptium\jdk-17.0.8.7-hotspot\bin\jimage.dll
0x00007ffb281f0000 - 0x00007ffb28423000 	C:\Windows\SYSTEM32\DBGHELP.DLL
0x00007ffb2cd40000 - 0x00007ffb2d0d3000 	C:\Windows\System32\combase.dll
0x00007ffb2bfa0000 - 0x00007ffb2c077000 	C:\Windows\System32\OLEAUT32.dll
0x00007ffb10680000 - 0x00007ffb106b2000 	C:\Windows\SYSTEM32\dbgcore.DLL
0x00007ffb2b310000 - 0x00007ffb2b38b000 	C:\Windows\System32\bcryptPrimitives.dll
0x00007ffadac30000 - 0x00007ffadac55000 	C:\Program Files\Eclipse Adoptium\jdk-17.0.8.7-hotspot\bin\java.dll
0x00007ffa9fbe0000 - 0x00007ffa9fcb6000 	C:\Program Files\Eclipse Adoptium\jdk-17.0.8.7-hotspot\bin\jsvml.dll
0x00007ffb2d4f0000 - 0x00007ffb2dd92000 	C:\Windows\System32\SHELL32.dll
0x00007ffb2b870000 - 0x00007ffb2b9af000 	C:\Windows\System32\wintypes.dll
0x00007ffb28db0000 - 0x00007ffb296cd000 	C:\Windows\SYSTEM32\windows.storage.dll
0x00007ffb2c8f0000 - 0x00007ffb2c9fc000 	C:\Windows\System32\SHCORE.dll
0x00007ffb2d480000 - 0x00007ffb2d4e9000 	C:\Windows\System32\shlwapi.dll
0x00007ffb2ae00000 - 0x00007ffb2ae2b000 	C:\Windows\SYSTEM32\profapi.dll
0x00007ffae8730000 - 0x00007ffae8749000 	C:\Program Files\Eclipse Adoptium\jdk-17.0.8.7-hotspot\bin\net.dll
0x00007ffb259e0000 - 0x00007ffb25b0c000 	C:\Windows\SYSTEM32\WINHTTP.dll
0x00007ffb2a380000 - 0x00007ffb2a3e9000 	C:\Windows\system32\mswsock.dll
0x00007ffae1710000 - 0x00007ffae1725000 	C:\Program Files\Eclipse Adoptium\jdk-17.0.8.7-hotspot\bin\nio.dll
0x00007ffaf7dc0000 - 0x00007ffaf7dd8000 	C:\Program Files\Eclipse Adoptium\jdk-17.0.8.7-hotspot\bin\zip.dll
0x00007ffb29980000 - 0x00007ffb299ad000 	C:\Windows\SYSTEM32\IPHLPAPI.DLL
0x00007ffb2ca80000 - 0x00007ffb2ca89000 	C:\Windows\System32\NSI.dll
0x00007ffb25590000 - 0x00007ffb255a9000 	C:\Windows\SYSTEM32\dhcpcsvc6.DLL
0x00007ffb25570000 - 0x00007ffb2558f000 	C:\Windows\SYSTEM32\dhcpcsvc.DLL
0x00007ffb299b0000 - 0x00007ffb29aa8000 	C:\Windows\SYSTEM32\DNSAPI.dll
0x00007ffb21fb0000 - 0x00007ffb21fba000 	C:\Windows\System32\rasadhlp.dll
0x00007ffb24ad0000 - 0x00007ffb24b54000 	C:\Windows\System32\fwpuclnt.dll
0x00007ffb17260000 - 0x00007ffb17270000 	C:\Program Files\Eclipse Adoptium\jdk-17.0.8.7-hotspot\bin\verify.dll
0x00007ffb07660000 - 0x00007ffb0766e000 	C:\Program Files\Eclipse Adoptium\jdk-17.0.8.7-hotspot\bin\sunmscapi.dll
0x00007ffb2b000000 - 0x00007ffb2b167000 	C:\Windows\System32\CRYPT32.dll
0x00007ffb2a800000 - 0x00007ffb2a82d000 	C:\Windows\SYSTEM32\ncrypt.dll
0x00007ffb2a7b0000 - 0x00007ffb2a7e7000 	C:\Windows\SYSTEM32\NTASN1.dll

dbghelp: loaded successfully - version: 4.0.5 - missing functions: none
symbol engine: initialized successfully - sym options: 0x614 - pdb path: .;C:\Program Files\Eclipse Adoptium\jdk-17.0.8.7-hotspot\bin;C:\Windows\SYSTEM32;C:\Windows\WinSxS\amd64_microsoft.windows.common-controls_6595b64144ccf1df_6.0.22621.5547_none_27104afb73855772;C:\Program Files\Eclipse Adoptium\jdk-17.0.8.7-hotspot\bin\server

VM Arguments:
jvm_args: -ea -XX:+ShowCodeDetailsInExceptionMessages -Dfile.encoding=UTF-8 
java_command: org.eclipse.jdt.internal.junit.runner.RemoteTestRunner -version 3 -port 60950 -testLoaderClass org.eclipse.jdt.internal.junit5.runner.JUnit5TestLoader -loaderpluginname org.eclipse.jdt.junit5.runtime -testNameFile C:\Users\andre\AppData\Local\Temp\testNames18121141770651016309.txt
java_class_path (initial): c:\Users\andre\OneDrive\Documentos\EPAM\Proyecto Spring 2\trainer-workload-service\target\test-classes;c:\Users\andre\OneDrive\Documentos\EPAM\Proyecto Spring 2\trainer-workload-service\target\classes;c:\Users\andre\.m2\repository\org\springframework\boot\spring-boot-starter\3.5.3\spring-boot-starter-3.5.3.jar;c:\Users\andre\.m2\repository\org\springframework\boot\spring-boot\3.5.3\spring-boot-3.5.3.jar;c:\Users\andre\.m2\repository\org\springframework\spring-context\6.2.8\spring-context-6.2.8.jar;c:\Users\andre\.m2\repository\org\springframework\boot\spring-boot-autoconfigure\3.5.3\spring-boot-autoconfigure-3.5.3.jar;c:\Users\andre\.m2\repository\org\springframework\boot\spring-boot-starter-logging\3.5.3\spring-boot-starter-logging-3.5.3.jar;c:\Users\andre\.m2\repository\ch\qos\logback\logback-classic\1.5.18\logback-classic-1.5.18.jar;c:\Users\andre\.m2\repository\ch\qos\logback\logback-core\1.5.18\logback-core-1.5.18.jar;c:\Users\andre\.m2\repository\org\apache\logging\log4j\log4j-to-slf4j\2.24.3\log4j-to-slf4j-2.24.3.jar;c:\Users\andre\.m2\repository\org\apache\logging\log4j\log4j-api\2.24.3\log4j-api-2.24.3.jar;c:\Users\andre\.m2\repository\org\slf4j\jul-to-slf4j\2.0.17\jul-to-slf4j-2.0.17.jar;c:\Users\andre\.m2\repository\jakarta\annotation\jakarta.annotation-api\2.1.1\jakarta.annotation-api-2.1.1.jar;c:\Users\andre\.m2\repository\org\springframework\spring-core\6.2.8\spring-core-6.2.8.jar;c:\Users\andre\.m2\repository\org\springframework\spring-jcl\6.2.8\spring-jcl-6.2.8.jar;c:\Users\andre\.m2\repository\org\yaml\snakeyaml\2.4\snakeyaml-2.4.jar;c:\Users\andre\.m2\repository\org\springframework\boot\spring-boot-starter-web\3.5.3\spring-boot-starter-web-3.5.3.jar;c:\Users\andre\.m2\repository\org\springframework\boot\spring-boot-starter-json\3.5.3\spring-boot-starter-json-3.5.3.jar;c:\Users\andre\.m2\repository\com\fasterxml\jackson\datatype\jackson-datatype-jdk8\2.19.1\jackson-datatype-jdk8-2.19.1.jar;c:\Users\andre\.m2\repository\c
Launcher Type: SUN_STANDARD

[Global flags]
     intx CICompilerCount                          = 4                                         {product} {ergonomic}
     uint ConcGCThreads                            = 2                                         {product} {ergonomic}
     uint G1ConcRefinementThreads                  = 8                                         {product} {ergonomic}
   size_t G1HeapRegionSize                         = 1048576                                   {product} {ergonomic}
    uintx GCDrainStackTargetSize                   = 64                                        {product} {ergonomic}
   size_t InitialHeapSize                          = 98566144                                  {product} {ergonomic}
   size_t MarkStackSize                            = 4194304                                   {product} {ergonomic}
   size_t MaxHeapSize                              = 1564475392                                {product} {ergonomic}
   size_t MaxNewSize                               = 938475520                                 {product} {ergonomic}
   size_t MinHeapDeltaBytes                        = 1048576                                   {product} {ergonomic}
   size_t MinHeapSize                              = 8388608                                   {product} {ergonomic}
    uintx NonNMethodCodeHeapSize                   = 5839372                                {pd product} {ergonomic}
    uintx NonProfiledCodeHeapSize                  = 122909434                              {pd product} {ergonomic}
    uintx ProfiledCodeHeapSize                     = 122909434                              {pd product} {ergonomic}
    uintx ReservedCodeCacheSize                    = 251658240                              {pd product} {ergonomic}
     bool SegmentedCodeCache                       = true                                      {product} {ergonomic}
     bool ShowCodeDetailsInExceptionMessages       = true                                   {manageable} {command line}
   size_t SoftMaxHeapSize                          = 1564475392                             {manageable} {ergonomic}
     bool UseCompressedClassPointers               = true                           {product lp64_product} {ergonomic}
     bool UseCompressedOops                        = true                           {product lp64_product} {ergonomic}
     bool UseG1GC                                  = true                                      {product} {ergonomic}
     bool UseLargePagesIndividualAllocation        = false                                  {pd product} {ergonomic}

Logging:
Log output configuration:
 #0: stdout all=warning uptime,level,tags
 #1: stderr all=off uptime,level,tags

Environment Variables:
JAVA_HOME=C:\Program Files\Java\jdk-21
PATH=C:\Program Files\Microsoft SDKs\Azure\CLI2\wbin;C:\Program Files\Common Files\Oracle\Java\javapath;C:\Program Files (x86)\Common Files\Oracle\Java\javapath;C:\Program Files (x86)\VMware\VMware Player\bin\;C:\Program Files\Eclipse Adoptium\jdk-17.0.8.7-hotspot\bin;C:\Windows\system32;C:\Windows;C:\Windows\System32\Wbem;C:\Windows\System32\WindowsPowerShell\v1.0\;C:\Windows\System32\OpenSSH\;C:\apache-maven-3.9.4\\bin;C:\Program Files\Java\jdk-21\bin;C:\Program Files\Docker\Docker\resources\bin;C:\Gradle\gradle-8.6\bin;C:\Program Files\Amazon\AWSSAMCLI\bin\;C:\ProgramData\chocolatey\bin;C:\Program Files\7-Zip;C:\Program Files\dotnet\;C:\Program Files\Amazon\AWSCLIV2\;C:\Program Files\nodejs\;C:\Program Files\Git\cmd;C:\Users\andre\scoop\shims;C:\Users\andre\AppData\Local\Microsoft\WindowsApps;C:\Users\andre\AppData\Local\Programs\Microsoft VS Code\bin;C:\Users\andre\AppData\Local\Programs\Fiddler;C:\Users\andre\.dotnet\tools;C:\Users\andre\AppData\Local\Programs\Python\Python311\;C:\Users\andre\AppData\Local\Programs\Python\Python311\Scripts\;C:\Users\andre\AppData\Local\Packages\PythonSoftwareFoundation.Python.3.11_qbz5n2kfra8p0\LocalCache\local-packages\Python311\Scripts;C:\Users\andre\AppData\Roaming\npm
USERNAME=andre
OS=Windows_NT
PROCESSOR_IDENTIFIER=AMD64 Family 23 Model 160 Stepping 0, AuthenticAMD
TMP=C:\Users\andre\AppData\Local\Temp
TEMP=C:\Users\andre\AppData\Local\Temp



---------------  S Y S T E M  ---------------

OS:
 Windows 11 , 64 bit Build 22621 (10.0.22621.5415)
OS uptime: 1 days 2:35 hours
Hyper-V role detected

CPU: total 8 (initial active 8) (8 cores per cpu, 2 threads per core) family 23 model 160 stepping 0 microcode 0x0, cx8, cmov, fxsr, ht, mmx, 3dnowpref, sse, sse2, sse3, ssse3, sse4a, sse4.1, sse4.2, popcnt, lzcnt, tsc, tscinvbit, avx, avx2, aes, clmul, bmi1, bmi2, adx, sha, fma, vzeroupper, clflush, clflushopt, hv
Processor Information for all 8 processors :
  Max Mhz: 2801, Current Mhz: 2801, Mhz Limit: 2801

Memory: 4k page, system-wide physical 5965M (193M free)
TotalPageFile size 24397M (AvailPageFile size 16M)
current process WorkingSet (physical memory assigned to process): 197M, peak: 201M
current process commit charge ("private bytes"): 242M, peak: 249M

vm_info: OpenJDK 64-Bit Server VM (17.0.8+7) for windows-amd64 JRE (17.0.8+7), built on Jul 18 2023 21:02:32 by "admin" with MS VC++ 16.7 (VS2019)

END.
