#
# There is insufficient memory for the Java Runtime Environment to continue.
# Native memory allocation (malloc) failed to allocate 230896 bytes for Chunk::new
# Possible reasons:
#   The system is out of physical RAM or swap space
#   The process is running with CompressedOops enabled, and the Java Heap may be blocking the growth of the native heap
# Possible solutions:
#   Reduce memory load on the system
#   Increase physical memory or swap space
#   Check if swap backing store is full
#   Decrease Java heap size (-Xmx/-Xms)
#   Decrease number of Java threads
#   Decrease Java thread stack sizes (-Xss)
#   Set larger code cache with -XX:ReservedCodeCacheSize=
#   JVM is running with Unscaled Compressed Oops mode in which the Java heap is
#     placed in the first 4GB address space. The Java Heap base address is the
#     maximum limit for the native heap growth. Please use -XX:HeapBaseMinAddress
#     to set the Java Heap base and to place the Java Heap above 4GB virtual address.
# This output file may be truncated or incomplete.
#
#  Out of Memory Error (arena.cpp:168), pid=9924, tid=21900
#
# JRE version: Java(TM) SE Runtime Environment (21.0.2+13) (build 21.0.2+13-LTS-58)
# Java VM: Java HotSpot(TM) 64-Bit Server VM (21.0.2+13-LTS-58, mixed mode, sharing, tiered, compressed oops, compressed class ptrs, g1 gc, windows-amd64)
# No core dump will be written. Minidumps are not enabled by default on client versions of Windows
#

---------------  S U M M A R Y ------------

Command Line: -DwatchParentProcess=false -XX:+ExitOnOutOfMemoryError -XX:+HeapDumpOnOutOfMemoryError -XX:HeapDumpPath=c:\Users\andre\AppData\Roaming\Code\User\globalStorage\redhat.vscode-xml -Xmx64M org.eclipse.lemminx.XMLServerLauncher

Host: AMD Ryzen 5 7520U with Radeon Graphics         , 8 cores, 5G,  Windows 11 , 64 bit Build 22621 (10.0.22621.5415)
Time: Sun Jul 13 21:25:53 2025 Hora est. Pacífico, Sudamérica elapsed time: 1.877968 seconds (0d 0h 0m 1s)

---------------  T H R E A D  ---------------

Current thread (0x0000026462033bd0):  JavaThread "C2 CompilerThread0" daemon [_thread_in_native, id=21900, stack(0x000000b2e4500000,0x000000b2e4600000) (1024K)]


Current CompileTask:
C2:   1878 1158   !   4       java.util.concurrent.ConcurrentHashMap::putVal (432 bytes)

Stack: [0x000000b2e4500000,0x000000b2e4600000]
Native frames: (J=compiled Java code, j=interpreted, Vv=VM code, C=native code)
V  [jvm.dll+0x6cade9]
V  [jvm.dll+0x8569c1]
V  [jvm.dll+0x858d2e]
V  [jvm.dll+0x859413]
V  [jvm.dll+0x280e56]
V  [jvm.dll+0xc3f3d]
V  [jvm.dll+0xc4473]
V  [jvm.dll+0x3b5bf2]
V  [jvm.dll+0x382855]
V  [jvm.dll+0x381cca]
V  [jvm.dll+0x249bd0]
V  [jvm.dll+0x2491b1]
V  [jvm.dll+0x1c9634]
V  [jvm.dll+0x258859]
V  [jvm.dll+0x256e3a]
V  [jvm.dll+0x3ef6c6]
V  [jvm.dll+0x7ff568]
V  [jvm.dll+0x6c953d]
C  [ucrtbase.dll+0x29333]
C  [KERNEL32.DLL+0x1259d]
C  [ntdll.dll+0x5af78]


---------------  P R O C E S S  ---------------

Threads class SMR info:
_java_thread_list=0x00000264625bcc60, length=12, elements={
0x000002646201d5b0, 0x000002646201f3d0, 0x00000264620248b0, 0x0000026462025310,
0x0000026462027f30, 0x0000026462028990, 0x0000026462033bd0, 0x00000264620380b0,
0x00000264622ee340, 0x00000264622f49d0, 0x00000264625bb740, 0x0000026445b3df80
}

Java Threads: ( => current thread )
  0x000002646201d5b0 JavaThread "Reference Handler"          daemon [_thread_blocked, id=8740, stack(0x000000b2e3f00000,0x000000b2e4000000) (1024K)]
  0x000002646201f3d0 JavaThread "Finalizer"                  daemon [_thread_blocked, id=3020, stack(0x000000b2e4000000,0x000000b2e4100000) (1024K)]
  0x00000264620248b0 JavaThread "Signal Dispatcher"          daemon [_thread_blocked, id=18272, stack(0x000000b2e4100000,0x000000b2e4200000) (1024K)]
  0x0000026462025310 JavaThread "Attach Listener"            daemon [_thread_blocked, id=19096, stack(0x000000b2e4200000,0x000000b2e4300000) (1024K)]
  0x0000026462027f30 JavaThread "Service Thread"             daemon [_thread_blocked, id=24496, stack(0x000000b2e4300000,0x000000b2e4400000) (1024K)]
  0x0000026462028990 JavaThread "Monitor Deflation Thread"   daemon [_thread_blocked, id=18172, stack(0x000000b2e4400000,0x000000b2e4500000) (1024K)]
=>0x0000026462033bd0 JavaThread "C2 CompilerThread0"         daemon [_thread_in_native, id=21900, stack(0x000000b2e4500000,0x000000b2e4600000) (1024K)]
  0x00000264620380b0 JavaThread "C1 CompilerThread0"         daemon [_thread_blocked, id=2564, stack(0x000000b2e4600000,0x000000b2e4700000) (1024K)]
  0x00000264622ee340 JavaThread "Notification Thread"        daemon [_thread_blocked, id=11044, stack(0x000000b2e4700000,0x000000b2e4800000) (1024K)]
  0x00000264622f49d0 JavaThread "Common-Cleaner"             daemon [_thread_blocked, id=14608, stack(0x000000b2e4800000,0x000000b2e4900000) (1024K)]
  0x00000264625bb740 JavaThread "pool-4-thread-1"                   [_thread_in_vm, id=16260, stack(0x000000b2e4900000,0x000000b2e4a00000) (1024K)]
  0x0000026445b3df80 JavaThread "DestroyJavaVM"                     [_thread_blocked, id=4592, stack(0x000000b2e3700000,0x000000b2e3800000) (1024K)]
Total: 12

Other Threads:
  0x0000026461fff5d0 VMThread "VM Thread"                           [id=22324, stack(0x000000b2e3e00000,0x000000b2e3f00000) (1024K)]
  0x0000026461fe4f10 WatcherThread "VM Periodic Task Thread"        [id=23172, stack(0x000000b2e3d00000,0x000000b2e3e00000) (1024K)]
  0x0000026447db5d30 WorkerThread "GC Thread#0"                     [id=9804, stack(0x000000b2e3800000,0x000000b2e3900000) (1024K)]
  0x0000026447db7510 ConcurrentGCThread "G1 Main Marker"            [id=16276, stack(0x000000b2e3900000,0x000000b2e3a00000) (1024K)]
  0x0000026447db81c0 WorkerThread "G1 Conc#0"                       [id=25020, stack(0x000000b2e3a00000,0x000000b2e3b00000) (1024K)]
  0x0000026447e59c70 ConcurrentGCThread "G1 Refine#0"               [id=22360, stack(0x000000b2e3b00000,0x000000b2e3c00000) (1024K)]
  0x0000026447e5a7e0 ConcurrentGCThread "G1 Service"                [id=3420, stack(0x000000b2e3c00000,0x000000b2e3d00000) (1024K)]
Total: 7

Threads with active compile tasks:
C2 CompilerThread0     1985 1158   !   4       java.util.concurrent.ConcurrentHashMap::putVal (432 bytes)
Total: 1

VM state: not at safepoint (normal execution)

VM Mutex/Monitor currently owned by a thread:  ([mutex/lock_event])
[0x00007ffe05c5ace8] Metaspace_lock - owner thread: 0x00000264625bb740

Heap address: 0x00000000fc000000, size: 64 MB, Compressed Oops mode: 32-bit

CDS archive(s) mapped at: [0x0000026400000000-0x0000026400c90000-0x0000026400c90000), size 13172736, SharedBaseAddress: 0x0000026400000000, ArchiveRelocationMode: 1.
Compressed class space mapped at: 0x0000026401000000-0x0000026441000000, reserved size: 1073741824
Narrow klass base: 0x0000026400000000, Narrow klass shift: 0, Narrow klass range: 0x100000000

GC Precious Log:
 CardTable entry size: 512
 Card Set container configuration: InlinePtr #cards 5 size 8 Array Of Cards #cards 12 size 40 Howl #buckets 4 coarsen threshold 1843 Howl Bitmap #cards 512 size 80 coarsen threshold 460 Card regions per heap region 1 cards per card region 2048
 CPUs: 8 total, 8 available
 Memory: 5965M
 Large Page Support: Disabled
 NUMA Support: Disabled
 Compressed Oops: Enabled (32-bit)
 Heap Region Size: 1M
 Heap Min Capacity: 8M
 Heap Initial Capacity: 64M
 Heap Max Capacity: 64M
 Pre-touch: Disabled
 Parallel Workers: 8
 Concurrent Workers: 2
 Concurrent Refinement Workers: 8
 Periodic GC: Disabled

Heap:
 garbage-first heap   total 65536K, used 16384K [0x00000000fc000000, 0x0000000100000000)
  region size 1024K, 16 young (16384K), 0 survivors (0K)
 Metaspace       used 5574K, committed 5760K, reserved 1114112K
  class space    used 636K, committed 768K, reserved 1048576K

Heap Regions: E=young(eden), S=young(survivor), O=old, HS=humongous(starts), HC=humongous(continues), CS=collection set, F=free, TAMS=top-at-mark-start, PB=parsable bottom
|   0|0x00000000fc000000, 0x00000000fc100000, 0x00000000fc100000|100%|HS|  |TAMS 0x00000000fc000000| PB 0x00000000fc000000| Complete 
|   1|0x00000000fc100000, 0x00000000fc100000, 0x00000000fc200000|  0%| F|  |TAMS 0x00000000fc100000| PB 0x00000000fc100000| Untracked 
|   2|0x00000000fc200000, 0x00000000fc200000, 0x00000000fc300000|  0%| F|  |TAMS 0x00000000fc200000| PB 0x00000000fc200000| Untracked 
|   3|0x00000000fc300000, 0x00000000fc300000, 0x00000000fc400000|  0%| F|  |TAMS 0x00000000fc300000| PB 0x00000000fc300000| Untracked 
|   4|0x00000000fc400000, 0x00000000fc400000, 0x00000000fc500000|  0%| F|  |TAMS 0x00000000fc400000| PB 0x00000000fc400000| Untracked 
|   5|0x00000000fc500000, 0x00000000fc500000, 0x00000000fc600000|  0%| F|  |TAMS 0x00000000fc500000| PB 0x00000000fc500000| Untracked 
|   6|0x00000000fc600000, 0x00000000fc600000, 0x00000000fc700000|  0%| F|  |TAMS 0x00000000fc600000| PB 0x00000000fc600000| Untracked 
|   7|0x00000000fc700000, 0x00000000fc700000, 0x00000000fc800000|  0%| F|  |TAMS 0x00000000fc700000| PB 0x00000000fc700000| Untracked 
|   8|0x00000000fc800000, 0x00000000fc800000, 0x00000000fc900000|  0%| F|  |TAMS 0x00000000fc800000| PB 0x00000000fc800000| Untracked 
|   9|0x00000000fc900000, 0x00000000fc900000, 0x00000000fca00000|  0%| F|  |TAMS 0x00000000fc900000| PB 0x00000000fc900000| Untracked 
|  10|0x00000000fca00000, 0x00000000fca00000, 0x00000000fcb00000|  0%| F|  |TAMS 0x00000000fca00000| PB 0x00000000fca00000| Untracked 
|  11|0x00000000fcb00000, 0x00000000fcb00000, 0x00000000fcc00000|  0%| F|  |TAMS 0x00000000fcb00000| PB 0x00000000fcb00000| Untracked 
|  12|0x00000000fcc00000, 0x00000000fcc00000, 0x00000000fcd00000|  0%| F|  |TAMS 0x00000000fcc00000| PB 0x00000000fcc00000| Untracked 
|  13|0x00000000fcd00000, 0x00000000fcd00000, 0x00000000fce00000|  0%| F|  |TAMS 0x00000000fcd00000| PB 0x00000000fcd00000| Untracked 
|  14|0x00000000fce00000, 0x00000000fce00000, 0x00000000fcf00000|  0%| F|  |TAMS 0x00000000fce00000| PB 0x00000000fce00000| Untracked 
|  15|0x00000000fcf00000, 0x00000000fcf00000, 0x00000000fd000000|  0%| F|  |TAMS 0x00000000fcf00000| PB 0x00000000fcf00000| Untracked 
|  16|0x00000000fd000000, 0x00000000fd000000, 0x00000000fd100000|  0%| F|  |TAMS 0x00000000fd000000| PB 0x00000000fd000000| Untracked 
|  17|0x00000000fd100000, 0x00000000fd100000, 0x00000000fd200000|  0%| F|  |TAMS 0x00000000fd100000| PB 0x00000000fd100000| Untracked 
|  18|0x00000000fd200000, 0x00000000fd200000, 0x00000000fd300000|  0%| F|  |TAMS 0x00000000fd200000| PB 0x00000000fd200000| Untracked 
|  19|0x00000000fd300000, 0x00000000fd300000, 0x00000000fd400000|  0%| F|  |TAMS 0x00000000fd300000| PB 0x00000000fd300000| Untracked 
|  20|0x00000000fd400000, 0x00000000fd400000, 0x00000000fd500000|  0%| F|  |TAMS 0x00000000fd400000| PB 0x00000000fd400000| Untracked 
|  21|0x00000000fd500000, 0x00000000fd500000, 0x00000000fd600000|  0%| F|  |TAMS 0x00000000fd500000| PB 0x00000000fd500000| Untracked 
|  22|0x00000000fd600000, 0x00000000fd600000, 0x00000000fd700000|  0%| F|  |TAMS 0x00000000fd600000| PB 0x00000000fd600000| Untracked 
|  23|0x00000000fd700000, 0x00000000fd700000, 0x00000000fd800000|  0%| F|  |TAMS 0x00000000fd700000| PB 0x00000000fd700000| Untracked 
|  24|0x00000000fd800000, 0x00000000fd800000, 0x00000000fd900000|  0%| F|  |TAMS 0x00000000fd800000| PB 0x00000000fd800000| Untracked 
|  25|0x00000000fd900000, 0x00000000fd900000, 0x00000000fda00000|  0%| F|  |TAMS 0x00000000fd900000| PB 0x00000000fd900000| Untracked 
|  26|0x00000000fda00000, 0x00000000fda00000, 0x00000000fdb00000|  0%| F|  |TAMS 0x00000000fda00000| PB 0x00000000fda00000| Untracked 
|  27|0x00000000fdb00000, 0x00000000fdb00000, 0x00000000fdc00000|  0%| F|  |TAMS 0x00000000fdb00000| PB 0x00000000fdb00000| Untracked 
|  28|0x00000000fdc00000, 0x00000000fdc00000, 0x00000000fdd00000|  0%| F|  |TAMS 0x00000000fdc00000| PB 0x00000000fdc00000| Untracked 
|  29|0x00000000fdd00000, 0x00000000fdd00000, 0x00000000fde00000|  0%| F|  |TAMS 0x00000000fdd00000| PB 0x00000000fdd00000| Untracked 
|  30|0x00000000fde00000, 0x00000000fde00000, 0x00000000fdf00000|  0%| F|  |TAMS 0x00000000fde00000| PB 0x00000000fde00000| Untracked 
|  31|0x00000000fdf00000, 0x00000000fdf00000, 0x00000000fe000000|  0%| F|  |TAMS 0x00000000fdf00000| PB 0x00000000fdf00000| Untracked 
|  32|0x00000000fe000000, 0x00000000fe000000, 0x00000000fe100000|  0%| F|  |TAMS 0x00000000fe000000| PB 0x00000000fe000000| Untracked 
|  33|0x00000000fe100000, 0x00000000fe100000, 0x00000000fe200000|  0%| F|  |TAMS 0x00000000fe100000| PB 0x00000000fe100000| Untracked 
|  34|0x00000000fe200000, 0x00000000fe200000, 0x00000000fe300000|  0%| F|  |TAMS 0x00000000fe200000| PB 0x00000000fe200000| Untracked 
|  35|0x00000000fe300000, 0x00000000fe300000, 0x00000000fe400000|  0%| F|  |TAMS 0x00000000fe300000| PB 0x00000000fe300000| Untracked 
|  36|0x00000000fe400000, 0x00000000fe400000, 0x00000000fe500000|  0%| F|  |TAMS 0x00000000fe400000| PB 0x00000000fe400000| Untracked 
|  37|0x00000000fe500000, 0x00000000fe500000, 0x00000000fe600000|  0%| F|  |TAMS 0x00000000fe500000| PB 0x00000000fe500000| Untracked 
|  38|0x00000000fe600000, 0x00000000fe600000, 0x00000000fe700000|  0%| F|  |TAMS 0x00000000fe600000| PB 0x00000000fe600000| Untracked 
|  39|0x00000000fe700000, 0x00000000fe700000, 0x00000000fe800000|  0%| F|  |TAMS 0x00000000fe700000| PB 0x00000000fe700000| Untracked 
|  40|0x00000000fe800000, 0x00000000fe800000, 0x00000000fe900000|  0%| F|  |TAMS 0x00000000fe800000| PB 0x00000000fe800000| Untracked 
|  41|0x00000000fe900000, 0x00000000fe900000, 0x00000000fea00000|  0%| F|  |TAMS 0x00000000fe900000| PB 0x00000000fe900000| Untracked 
|  42|0x00000000fea00000, 0x00000000fea00000, 0x00000000feb00000|  0%| F|  |TAMS 0x00000000fea00000| PB 0x00000000fea00000| Untracked 
|  43|0x00000000feb00000, 0x00000000feb00000, 0x00000000fec00000|  0%| F|  |TAMS 0x00000000feb00000| PB 0x00000000feb00000| Untracked 
|  44|0x00000000fec00000, 0x00000000fec00000, 0x00000000fed00000|  0%| F|  |TAMS 0x00000000fec00000| PB 0x00000000fec00000| Untracked 
|  45|0x00000000fed00000, 0x00000000fed00000, 0x00000000fee00000|  0%| F|  |TAMS 0x00000000fed00000| PB 0x00000000fed00000| Untracked 
|  46|0x00000000fee00000, 0x00000000fee00000, 0x00000000fef00000|  0%| F|  |TAMS 0x00000000fee00000| PB 0x00000000fee00000| Untracked 
|  47|0x00000000fef00000, 0x00000000fef00000, 0x00000000ff000000|  0%| F|  |TAMS 0x00000000fef00000| PB 0x00000000fef00000| Untracked 
|  48|0x00000000ff000000, 0x00000000ff076440, 0x00000000ff100000| 46%| E|  |TAMS 0x00000000ff000000| PB 0x00000000ff000000| Complete 
|  49|0x00000000ff100000, 0x00000000ff200000, 0x00000000ff200000|100%| E|CS|TAMS 0x00000000ff100000| PB 0x00000000ff100000| Complete 
|  50|0x00000000ff200000, 0x00000000ff300000, 0x00000000ff300000|100%| E|CS|TAMS 0x00000000ff200000| PB 0x00000000ff200000| Complete 
|  51|0x00000000ff300000, 0x00000000ff400000, 0x00000000ff400000|100%| E|CS|TAMS 0x00000000ff300000| PB 0x00000000ff300000| Complete 
|  52|0x00000000ff400000, 0x00000000ff500000, 0x00000000ff500000|100%| E|CS|TAMS 0x00000000ff400000| PB 0x00000000ff400000| Complete 
|  53|0x00000000ff500000, 0x00000000ff600000, 0x00000000ff600000|100%| E|CS|TAMS 0x00000000ff500000| PB 0x00000000ff500000| Complete 
|  54|0x00000000ff600000, 0x00000000ff700000, 0x00000000ff700000|100%| E|CS|TAMS 0x00000000ff600000| PB 0x00000000ff600000| Complete 
|  55|0x00000000ff700000, 0x00000000ff800000, 0x00000000ff800000|100%| E|CS|TAMS 0x00000000ff700000| PB 0x00000000ff700000| Complete 
|  56|0x00000000ff800000, 0x00000000ff900000, 0x00000000ff900000|100%| E|CS|TAMS 0x00000000ff800000| PB 0x00000000ff800000| Complete 
|  57|0x00000000ff900000, 0x00000000ffa00000, 0x00000000ffa00000|100%| E|CS|TAMS 0x00000000ff900000| PB 0x00000000ff900000| Complete 
|  58|0x00000000ffa00000, 0x00000000ffb00000, 0x00000000ffb00000|100%| E|CS|TAMS 0x00000000ffa00000| PB 0x00000000ffa00000| Complete 
|  59|0x00000000ffb00000, 0x00000000ffc00000, 0x00000000ffc00000|100%| E|CS|TAMS 0x00000000ffb00000| PB 0x00000000ffb00000| Complete 
|  60|0x00000000ffc00000, 0x00000000ffd00000, 0x00000000ffd00000|100%| E|CS|TAMS 0x00000000ffc00000| PB 0x00000000ffc00000| Complete 
|  61|0x00000000ffd00000, 0x00000000ffe00000, 0x00000000ffe00000|100%| E|CS|TAMS 0x00000000ffd00000| PB 0x00000000ffd00000| Complete 
|  62|0x00000000ffe00000, 0x00000000fff00000, 0x00000000fff00000|100%| E|CS|TAMS 0x00000000ffe00000| PB 0x00000000ffe00000| Complete 
|  63|0x00000000fff00000, 0x0000000100000000, 0x0000000100000000|100%| E|CS|TAMS 0x00000000fff00000| PB 0x00000000fff00000| Complete 

Card table byte_map: [0x0000026445d90000,0x0000026445db0000] _byte_map_base: 0x00000264455b0000

Marking Bits: (CMBitMap*) 0x0000026447db6430
 Bits: [0x000002645f530000, 0x000002645f630000)

Polling page: 0x0000026445d40000

Metaspace:

Usage:
  Non-class:      4.82 MB used.
      Class:    636.75 KB used.
       Both:      5.44 MB used.

Virtual space:
  Non-class space:       64.00 MB reserved,       4.88 MB (  8%) committed,  1 nodes.
      Class space:        1.00 GB reserved,     768.00 KB ( <1%) committed,  1 nodes.
             Both:        1.06 GB reserved,       5.62 MB ( <1%) committed. 

Chunk freelists:
   Non-Class:  9.50 MB
       Class:  15.30 MB
        Both:  24.80 MB

MaxMetaspaceSize: unlimited
CompressedClassSpaceSize: 1.00 GB
Initial GC threshold: 21.00 MB
Current GC threshold: 21.00 MB
CDS: on
 - commit_granule_bytes: 65536.
 - commit_granule_words: 8192.
 - virtual_space_node_default_size: 8388608.
 - enlarge_chunks_in_place: 1.
 - use_allocation_guard: 0.


Internal statistics:

num_allocs_failed_limit: 0.
num_arena_births: 106.
num_arena_deaths: 0.
num_vsnodes_births: 2.
num_vsnodes_deaths: 0.
num_space_committed: 90.
num_space_uncommitted: 0.
num_chunks_returned_to_freelist: 0.
num_chunks_taken_from_freelist: 248.
num_chunk_merges: 0.
num_chunk_splits: 165.
num_chunks_enlarged: 126.
num_inconsistent_stats: 0.

CodeHeap 'non-profiled nmethods': size=120000Kb used=280Kb max_used=280Kb free=119719Kb
 bounds [0x0000026457cd0000, 0x0000026457f40000, 0x000002645f200000]
CodeHeap 'profiled nmethods': size=120000Kb used=2171Kb max_used=2171Kb free=117828Kb
 bounds [0x0000026450200000, 0x0000026450470000, 0x0000026457730000]
CodeHeap 'non-nmethods': size=5760Kb used=1344Kb max_used=1349Kb free=4415Kb
 bounds [0x0000026457730000, 0x00000264579a0000, 0x0000026457cd0000]
 total_blobs=1623 nmethods=1172 adapters=356
 compilation: enabled
              stopped_count=0, restarted_count=0
 full_count=0

Compilation events (20 events):
Event: 1.869 Thread 0x00000264620380b0 nmethod 1147 0x0000026450410c90 code [0x0000026450410e40, 0x0000026450411078]
Event: 1.869 Thread 0x00000264620380b0 1148       3       sun.util.locale.InternalLocaleBuilder::getLocaleExtensions (65 bytes)
Event: 1.869 Thread 0x00000264620380b0 nmethod 1148 0x0000026450411110 code [0x0000026450411360, 0x0000026450411b98]
Event: 1.869 Thread 0x00000264620380b0 1149       3       sun.util.locale.LocaleUtils::isEmpty (19 bytes)
Event: 1.869 Thread 0x00000264620380b0 nmethod 1149 0x0000026450411d90 code [0x0000026450411f40, 0x0000026450412178]
Event: 1.869 Thread 0x00000264620380b0 1151       3       sun.util.locale.LanguageTag::parseScript (55 bytes)
Event: 1.869 Thread 0x00000264620380b0 nmethod 1151 0x0000026450412210 code [0x0000026450412420, 0x0000026450412a20]
Event: 1.870 Thread 0x00000264620380b0 1152       3       sun.util.locale.provider.LocaleProviderAdapter$$Lambda/0x80000006d::apply (8 bytes)
Event: 1.870 Thread 0x00000264620380b0 nmethod 1152 0x0000026450412c90 code [0x0000026450412e40, 0x0000026450413070]
Event: 1.870 Thread 0x00000264620380b0 1143       3       java.util.Locale$Cache::createObject (6 bytes)
Event: 1.870 Thread 0x00000264620380b0 nmethod 1143 0x0000026450413110 code [0x00000264504132c0, 0x0000026450413400]
Event: 1.870 Thread 0x00000264620380b0 1153       3       sun.util.locale.LanguageTag::parseRegion (55 bytes)
Event: 1.870 Thread 0x00000264620380b0 nmethod 1153 0x0000026450413490 code [0x0000026450413680, 0x0000026450413a78]
Event: 1.870 Thread 0x00000264620380b0 1155       3       sun.util.locale.LanguageTag::parseExtensions (208 bytes)
Event: 1.872 Thread 0x00000264620380b0 nmethod 1155 0x0000026450413c10 code [0x0000026450413fe0, 0x0000026450415720]
Event: 1.872 Thread 0x00000264620380b0 1157       3       sun.util.locale.provider.LocaleProviderAdapter::lambda$toLocaleArray$0 (135 bytes)
Event: 1.873 Thread 0x00000264620380b0 nmethod 1157 0x0000026450415f90 code [0x00000264504161c0, 0x00000264504168b8]
Event: 1.873 Thread 0x00000264620380b0 1122       3       java.lang.String::<init> (10 bytes)
Event: 1.874 Thread 0x00000264620380b0 nmethod 1122 0x0000026450416a90 code [0x0000026450416c40, 0x0000026450416d90]
Event: 1.874 Thread 0x00000264620380b0 1156       3       sun.util.locale.BaseLocale$Key::getBaseLocale (25 bytes)

GC Heap History (0 events):
No events

Dll operation events (6 events):
Event: 0.012 Loaded shared library C:\Program Files\Java\jdk-21\bin\java.dll
Event: 0.060 Loaded shared library C:\Program Files\Java\jdk-21\bin\jsvml.dll
Event: 0.098 Loaded shared library C:\Program Files\Java\jdk-21\bin\net.dll
Event: 0.102 Loaded shared library C:\Program Files\Java\jdk-21\bin\nio.dll
Event: 0.125 Loaded shared library C:\Program Files\Java\jdk-21\bin\zip.dll
Event: 0.229 Loaded shared library C:\Program Files\Java\jdk-21\bin\jimage.dll

Deoptimization events (14 events):
Event: 0.169 Thread 0x0000026445b3df80 Uncommon trap: trap_request=0xffffff45 fr.pc=0x0000026457cd5d74 relative=0x00000000000002b4
Event: 0.169 Thread 0x0000026445b3df80 Uncommon trap: reason=unstable_if action=reinterpret pc=0x0000026457cd5d74 method=java.lang.StringLatin1.hashCode([B)I @ 2 c2
Event: 0.169 Thread 0x0000026445b3df80 DEOPT PACKING pc=0x0000026457cd5d74 sp=0x000000b2e37fb080
Event: 0.169 Thread 0x0000026445b3df80 DEOPT UNPACKING pc=0x00000264577846a2 sp=0x000000b2e37fafb8 mode 2
Event: 0.402 Thread 0x0000026445b3df80 DEOPT PACKING pc=0x00000264502218f8 sp=0x000000b2e37fdf20
Event: 0.402 Thread 0x0000026445b3df80 DEOPT UNPACKING pc=0x0000026457784e42 sp=0x000000b2e37fd340 mode 0
Event: 0.488 Thread 0x0000026445b3df80 DEOPT PACKING pc=0x0000026450217d58 sp=0x000000b2e37fa710
Event: 0.488 Thread 0x0000026445b3df80 DEOPT UNPACKING pc=0x0000026457784e42 sp=0x000000b2e37f9b78 mode 0
Event: 1.288 Thread 0x00000264625bb740 DEOPT PACKING pc=0x00000264502ebefc sp=0x000000b2e49fcba0
Event: 1.288 Thread 0x00000264625bb740 DEOPT UNPACKING pc=0x0000026457784e42 sp=0x000000b2e49fbfd8 mode 0
Event: 1.707 Thread 0x00000264625bb740 Uncommon trap: trap_request=0xffffff45 fr.pc=0x0000026457cedd0c relative=0x00000000000004ac
Event: 1.707 Thread 0x00000264625bb740 Uncommon trap: reason=unstable_if action=reinterpret pc=0x0000026457cedd0c method=java.lang.StringLatin1.replace([BCC)Ljava/lang/String; @ 19 c2
Event: 1.707 Thread 0x00000264625bb740 DEOPT PACKING pc=0x0000026457cedd0c sp=0x000000b2e49fd390
Event: 1.707 Thread 0x00000264625bb740 DEOPT UNPACKING pc=0x00000264577846a2 sp=0x000000b2e49fd310 mode 2

Classes loaded (20 events):
Event: 1.759 Loading class sun/net/www/MessageHeader
Event: 1.767 Loading class sun/net/www/MessageHeader done
Event: 1.767 Loading class sun/net/www/protocol/jar/URLJarFile
Event: 1.768 Loading class sun/net/www/protocol/jar/URLJarFile done
Event: 1.770 Loading class sun/net/www/protocol/jar/URLJarFile$URLJarFileEntry
Event: 1.770 Loading class sun/net/www/protocol/jar/URLJarFile$URLJarFileEntry done
Event: 1.770 Loading class sun/net/www/protocol/jar/JarURLConnection$JarURLInputStream
Event: 1.770 Loading class sun/net/www/protocol/jar/JarURLConnection$JarURLInputStream done
Event: 1.770 Loading class java/util/PropertyResourceBundle
Event: 1.778 Loading class java/util/PropertyResourceBundle done
Event: 1.778 Loading class sun/util/PropertyResourceBundleCharset
Event: 1.778 Loading class sun/util/PropertyResourceBundleCharset done
Event: 1.778 Loading class sun/util/PropertyResourceBundleCharset$PropertiesFileDecoder
Event: 1.778 Loading class sun/util/PropertyResourceBundleCharset$PropertiesFileDecoder done
Event: 1.779 Loading class java/util/ResourceBundle$BundleReference
Event: 1.779 Loading class java/util/ResourceBundle$BundleReference done
Event: 1.789 Loading class java/util/logging/LogRecord
Event: 1.790 Loading class java/util/logging/LogRecord done
Event: 1.825 Loading class sun/util/calendar/ZoneInfoFile$Checksum
Event: 1.826 Loading class sun/util/calendar/ZoneInfoFile$Checksum done

Classes unloaded (0 events):
No events

Classes redefined (0 events):
No events

Internal exceptions (13 events):
Event: 0.289 Thread 0x0000026445b3df80 Exception <a 'java/lang/NoSuchMethodError'{0x00000000ffc34f38}: 'void java.lang.invoke.DirectMethodHandle$Holder.invokeSpecial(java.lang.Object, java.lang.Object, java.lang.Object)'> (0x00000000ffc34f38) 
thrown [s\open\src\hotspot\share\interpreter\linkResolver.cpp, line 773]
Event: 0.495 Thread 0x0000026445b3df80 Exception <a 'java/lang/NoSuchMethodError'{0x00000000ffb7d738}: 'void java.lang.invoke.DirectMethodHandle$Holder.invokeStatic(java.lang.Object, java.lang.Object, java.lang.Object)'> (0x00000000ffb7d738) 
thrown [s\open\src\hotspot\share\interpreter\linkResolver.cpp, line 773]
Event: 0.642 Thread 0x0000026445b3df80 Exception <a 'java/lang/NoSuchMethodError'{0x00000000ffa2d528}: 'void java.lang.invoke.DirectMethodHandle$Holder.invokeStatic(java.lang.Object, java.lang.Object, java.lang.Object, java.lang.Object)'> (0x00000000ffa2d528) 
thrown [s\open\src\hotspot\share\interpreter\linkResolver.cpp, line 773]
Event: 1.029 Thread 0x0000026445b3df80 Exception <a 'java/lang/NoSuchMethodError'{0x00000000ff60c6a0}: 'java.lang.Object java.lang.invoke.DirectMethodHandle$Holder.newInvokeSpecial(java.lang.Object, java.lang.Object, java.lang.Object, java.lang.Object, java.lang.Object)'> (0x00000000ff60c6a0) 
thrown [s\open\src\hotspot\share\interpreter\linkResolver.cpp, line 773]
Event: 1.030 Thread 0x0000026445b3df80 Exception <a 'java/lang/NoSuchMethodError'{0x00000000ff611438}: 'java.lang.Object java.lang.invoke.DirectMethodHandle$Holder.invokeInterface(java.lang.Object, java.lang.Object)'> (0x00000000ff611438) 
thrown [s\open\src\hotspot\share\interpreter\linkResolver.cpp, line 773]
Event: 1.031 Thread 0x0000026445b3df80 Exception <a 'java/lang/IncompatibleClassChangeError'{0x00000000ff614730}: Found class java.lang.Object, but interface was expected> (0x00000000ff614730) 
thrown [s\open\src\hotspot\share\interpreter\linkResolver.cpp, line 840]
Event: 1.039 Thread 0x0000026445b3df80 Exception <a 'java/lang/IncompatibleClassChangeError'{0x00000000ff63d0c0}: Found class java.lang.Object, but interface was expected> (0x00000000ff63d0c0) 
thrown [s\open\src\hotspot\share\interpreter\linkResolver.cpp, line 840]
Event: 1.155 Thread 0x00000264625bb740 Exception <a 'java/lang/NoSuchMethodError'{0x00000000ff5c4ad0}: 'int java.lang.invoke.DirectMethodHandle$Holder.invokeSpecial(java.lang.Object, java.lang.Object, java.lang.Object)'> (0x00000000ff5c4ad0) 
thrown [s\open\src\hotspot\share\interpreter\linkResolver.cpp, line 773]
Event: 1.162 Thread 0x00000264625bb740 Exception <a 'java/lang/NoSuchMethodError'{0x00000000ff401228}: 'void java.lang.invoke.Invokers$Holder.invokeExact_MT(java.lang.Object, java.lang.Object, java.lang.Object, java.lang.Object)'> (0x00000000ff401228) 
thrown [s\open\src\hotspot\share\interpreter\linkResolver.cpp, line 773]
Event: 1.223 Thread 0x00000264625bb740 Exception <a 'java/lang/NoSuchMethodError'{0x00000000ff45b818}: 'void java.lang.invoke.DelegatingMethodHandle$Holder.reinvoke_L(java.lang.Object, java.lang.Object, int)'> (0x00000000ff45b818) 
thrown [s\open\src\hotspot\share\interpreter\linkResolver.cpp, line 773]
Event: 1.224 Thread 0x00000264625bb740 Exception <a 'java/lang/NoSuchMethodError'{0x00000000ff462388}: 'int java.lang.invoke.Invokers$Holder.invokeExact_MT(java.lang.Object, java.lang.Object, java.lang.Object)'> (0x00000000ff462388) 
thrown [s\open\src\hotspot\share\interpreter\linkResolver.cpp, line 773]
Event: 1.372 Thread 0x00000264625bb740 Exception <a 'java/lang/NoSuchMethodError'{0x00000000ff3bf338}: 'java.lang.Object java.lang.invoke.DirectMethodHandle$Holder.invokeInterface(java.lang.Object, java.lang.Object, java.lang.Object)'> (0x00000000ff3bf338) 
thrown [s\open\src\hotspot\share\interpreter\linkResolver.cpp, line 773]
Event: 1.587 Thread 0x00000264625bb740 Exception <a 'sun/nio/fs/WindowsException'{0x00000000ff2603a0}> (0x00000000ff2603a0) 
thrown [s\open\src\hotspot\share\prims\jni.cpp, line 520]

ZGC Phase Switch (0 events):
No events

VM Operations (14 events):
Event: 0.127 Executing VM operation: HandshakeAllThreads (Deoptimize)
Event: 0.127 Executing VM operation: HandshakeAllThreads (Deoptimize) done
Event: 1.128 Executing VM operation: Cleanup
Event: 1.128 Executing VM operation: Cleanup done
Event: 1.430 Executing VM operation: HandshakeAllThreads (Deoptimize)
Event: 1.430 Executing VM operation: HandshakeAllThreads (Deoptimize) done
Event: 1.452 Executing VM operation: HandshakeAllThreads (Deoptimize)
Event: 1.452 Executing VM operation: HandshakeAllThreads (Deoptimize) done
Event: 1.529 Executing VM operation: HandshakeAllThreads (Deoptimize)
Event: 1.529 Executing VM operation: HandshakeAllThreads (Deoptimize) done
Event: 1.768 Executing VM operation: HandshakeAllThreads (Deoptimize)
Event: 1.768 Executing VM operation: HandshakeAllThreads (Deoptimize) done
Event: 1.826 Executing VM operation: HandshakeAllThreads (Deoptimize)
Event: 1.826 Executing VM operation: HandshakeAllThreads (Deoptimize) done

Events (14 events):
Event: 0.035 Thread 0x0000026445b3df80 Thread added: 0x0000026445b3df80
Event: 0.057 Thread 0x000002646201d5b0 Thread added: 0x000002646201d5b0
Event: 0.057 Thread 0x000002646201f3d0 Thread added: 0x000002646201f3d0
Event: 0.058 Thread 0x00000264620248b0 Thread added: 0x00000264620248b0
Event: 0.058 Thread 0x0000026462025310 Thread added: 0x0000026462025310
Event: 0.058 Thread 0x0000026462027f30 Thread added: 0x0000026462027f30
Event: 0.058 Thread 0x0000026462028990 Thread added: 0x0000026462028990
Event: 0.058 Thread 0x0000026462033bd0 Thread added: 0x0000026462033bd0
Event: 0.058 Thread 0x00000264620380b0 Thread added: 0x00000264620380b0
Event: 0.089 Thread 0x00000264622ee340 Thread added: 0x00000264622ee340
Event: 0.092 Thread 0x00000264622f49d0 Thread added: 0x00000264622f49d0
Event: 1.097 Thread 0x00000264625bb740 Thread added: 0x00000264625bb740
Event: 1.098 Thread 0x0000026445b3df80 Thread exited: 0x0000026445b3df80
Event: 1.098 Thread 0x0000026445b3df80 Thread added: 0x0000026445b3df80


Dynamic libraries:
0x00007ff6df400000 - 0x00007ff6df410000 	C:\Program Files\Java\jdk-21\bin\java.exe
0x00007ffe59110000 - 0x00007ffe59327000 	C:\Windows\SYSTEM32\ntdll.dll
0x00007ffe579d0000 - 0x00007ffe57a94000 	C:\Windows\System32\KERNEL32.DLL
0x00007ffe564d0000 - 0x00007ffe568a2000 	C:\Windows\System32\KERNELBASE.dll
0x00007ffe563b0000 - 0x00007ffe564c1000 	C:\Windows\System32\ucrtbase.dll
0x00007ffe43460000 - 0x00007ffe43479000 	C:\Program Files\Java\jdk-21\bin\jli.dll
0x00007ffe43d00000 - 0x00007ffe43d1b000 	C:\Program Files\Java\jdk-21\bin\VCRUNTIME140.dll
0x00007ffe57c40000 - 0x00007ffe57cf1000 	C:\Windows\System32\ADVAPI32.dll
0x00007ffe58bf0000 - 0x00007ffe58c97000 	C:\Windows\System32\msvcrt.dll
0x00007ffe58e20000 - 0x00007ffe58ec8000 	C:\Windows\System32\sechost.dll
0x00007ffe568b0000 - 0x00007ffe568d8000 	C:\Windows\System32\bcrypt.dll
0x00007ffe56dc0000 - 0x00007ffe56ed4000 	C:\Windows\System32\RPCRT4.dll
0x00007ffe58a30000 - 0x00007ffe58be1000 	C:\Windows\System32\USER32.dll
0x00007ffe354c0000 - 0x00007ffe3575b000 	C:\Windows\WinSxS\amd64_microsoft.windows.common-controls_6595b64144ccf1df_6.0.22621.5547_none_27104afb73855772\COMCTL32.dll
0x00007ffe56b60000 - 0x00007ffe56b86000 	C:\Windows\System32\win32u.dll
0x00007ffe58f50000 - 0x00007ffe58f79000 	C:\Windows\System32\GDI32.dll
0x00007ffe56280000 - 0x00007ffe563a3000 	C:\Windows\System32\gdi32full.dll
0x00007ffe56d00000 - 0x00007ffe56d9a000 	C:\Windows\System32\msvcp_win.dll
0x00007ffe4a920000 - 0x00007ffe4a92a000 	C:\Windows\SYSTEM32\VERSION.dll
0x00007ffe57ec0000 - 0x00007ffe57ef1000 	C:\Windows\System32\IMM32.DLL
0x00007ffe481a0000 - 0x00007ffe481ac000 	C:\Program Files\Java\jdk-21\bin\vcruntime140_1.dll
0x00007ffe12360000 - 0x00007ffe123ee000 	C:\Program Files\Java\jdk-21\bin\msvcp140.dll
0x00007ffe05020000 - 0x00007ffe05d37000 	C:\Program Files\Java\jdk-21\bin\server\jvm.dll
0x00007ffe58ed0000 - 0x00007ffe58f41000 	C:\Windows\System32\WS2_32.dll
0x00007ffe55c80000 - 0x00007ffe55ccd000 	C:\Windows\SYSTEM32\POWRPROF.dll
0x00007ffe502c0000 - 0x00007ffe502f4000 	C:\Windows\SYSTEM32\WINMM.dll
0x00007ffe55c60000 - 0x00007ffe55c73000 	C:\Windows\SYSTEM32\UMPDC.dll
0x00007ffe55210000 - 0x00007ffe55228000 	C:\Windows\SYSTEM32\kernel.appcore.dll
0x00007ffe475e0000 - 0x00007ffe475ea000 	C:\Program Files\Java\jdk-21\bin\jimage.dll
0x00007ffe53bd0000 - 0x00007ffe53e03000 	C:\Windows\SYSTEM32\DBGHELP.DLL
0x00007ffe57620000 - 0x00007ffe579b3000 	C:\Windows\System32\combase.dll
0x00007ffe58f80000 - 0x00007ffe59057000 	C:\Windows\System32\OLEAUT32.dll
0x00007ffe4ac80000 - 0x00007ffe4acb2000 	C:\Windows\SYSTEM32\dbgcore.DLL
0x00007ffe56ae0000 - 0x00007ffe56b5b000 	C:\Windows\System32\bcryptPrimitives.dll
0x00007ffe43440000 - 0x00007ffe4345f000 	C:\Program Files\Java\jdk-21\bin\java.dll
0x00007ffe58180000 - 0x00007ffe58a22000 	C:\Windows\System32\SHELL32.dll
0x00007ffe568e0000 - 0x00007ffe56a1f000 	C:\Windows\System32\wintypes.dll
0x00007ffe540e0000 - 0x00007ffe549fd000 	C:\Windows\SYSTEM32\windows.storage.dll
0x00007ffe57aa0000 - 0x00007ffe57bac000 	C:\Windows\System32\SHCORE.dll
0x00007ffe57bb0000 - 0x00007ffe57c19000 	C:\Windows\System32\shlwapi.dll
0x00007ffe56130000 - 0x00007ffe5615b000 	C:\Windows\SYSTEM32\profapi.dll
0x00007ffe12150000 - 0x00007ffe12227000 	C:\Program Files\Java\jdk-21\bin\jsvml.dll
0x00007ffe469b0000 - 0x00007ffe469c0000 	C:\Program Files\Java\jdk-21\bin\net.dll
0x00007ffe51d50000 - 0x00007ffe51e7c000 	C:\Windows\SYSTEM32\WINHTTP.dll
0x00007ffe556b0000 - 0x00007ffe55719000 	C:\Windows\system32\mswsock.dll
0x00007ffe43420000 - 0x00007ffe43436000 	C:\Program Files\Java\jdk-21\bin\nio.dll
0x00007ffe43400000 - 0x00007ffe43418000 	C:\Program Files\Java\jdk-21\bin\zip.dll

dbghelp: loaded successfully - version: 4.0.5 - missing functions: none
symbol engine: initialized successfully - sym options: 0x614 - pdb path: .;C:\Program Files\Java\jdk-21\bin;C:\Windows\SYSTEM32;C:\Windows\WinSxS\amd64_microsoft.windows.common-controls_6595b64144ccf1df_6.0.22621.5547_none_27104afb73855772;C:\Program Files\Java\jdk-21\bin\server

VM Arguments:
jvm_args: -DwatchParentProcess=false -XX:+ExitOnOutOfMemoryError -XX:+HeapDumpOnOutOfMemoryError -XX:HeapDumpPath=c:\Users\andre\AppData\Roaming\Code\User\globalStorage\redhat.vscode-xml -Xmx64M 
java_command: org.eclipse.lemminx.XMLServerLauncher
java_class_path (initial): c:\Users\andre\.vscode\extensions\redhat.vscode-xml-0.29.0-win32-x64\server\org.eclipse.lemminx-0.31.0-uber.jar
Launcher Type: SUN_STANDARD

[Global flags]
     intx CICompilerCount                          = 4                                         {product} {ergonomic}
     uint ConcGCThreads                            = 2                                         {product} {ergonomic}
     bool ExitOnOutOfMemoryError                   = true                                      {product} {command line}
     uint G1ConcRefinementThreads                  = 8                                         {product} {ergonomic}
   size_t G1HeapRegionSize                         = 1048576                                   {product} {ergonomic}
    uintx GCDrainStackTargetSize                   = 64                                        {product} {ergonomic}
     bool HeapDumpOnOutOfMemoryError               = true                                   {manageable} {command line}
    ccstr HeapDumpPath                             = c:\Users\andre\AppData\Roaming\Code\User\globalStorage\redhat.vscode-xml         {manageable} {command line}
   size_t InitialHeapSize                          = 67108864                                  {product} {ergonomic}
   size_t MarkStackSize                            = 4194304                                   {product} {ergonomic}
   size_t MaxHeapSize                              = 67108864                                  {product} {command line}
   size_t MaxNewSize                               = 39845888                                  {product} {ergonomic}
   size_t MinHeapDeltaBytes                        = 1048576                                   {product} {ergonomic}
   size_t MinHeapSize                              = 8388608                                   {product} {ergonomic}
    uintx NonNMethodCodeHeapSize                   = 5839372                                {pd product} {ergonomic}
    uintx NonProfiledCodeHeapSize                  = 122909434                              {pd product} {ergonomic}
    uintx ProfiledCodeHeapSize                     = 122909434                              {pd product} {ergonomic}
    uintx ReservedCodeCacheSize                    = 251658240                              {pd product} {ergonomic}
     bool SegmentedCodeCache                       = true                                      {product} {ergonomic}
   size_t SoftMaxHeapSize                          = 67108864                               {manageable} {ergonomic}
     bool UseCompressedOops                        = true                           {product lp64_product} {ergonomic}
     bool UseG1GC                                  = true                                      {product} {ergonomic}
     bool UseLargePagesIndividualAllocation        = false                                  {pd product} {ergonomic}

Logging:
Log output configuration:
 #0: stdout all=warning uptime,level,tags foldmultilines=false
 #1: stderr all=off uptime,level,tags foldmultilines=false

Environment Variables:
JAVA_HOME=C:\Program Files\Java\jdk-21
PATH=C:\Program Files\Microsoft SDKs\Azure\CLI2\wbin;C:\Program Files\Common Files\Oracle\Java\javapath;C:\Program Files (x86)\Common Files\Oracle\Java\javapath;C:\Program Files (x86)\VMware\VMware Player\bin\;C:\Program Files\Eclipse Adoptium\jdk-17.0.8.7-hotspot\bin;C:\Windows\system32;C:\Windows;C:\Windows\System32\Wbem;C:\Windows\System32\WindowsPowerShell\v1.0\;C:\Windows\System32\OpenSSH\;C:\Program Files\Git\cmd;C:\apache-maven-3.9.4\\bin;C:\Program Files\Java\jdk-21\bin;C:\Program Files\Docker\Docker\resources\bin;C:\Gradle\gradle-8.6\bin;C:\Program Files\Amazon\AWSSAMCLI\bin\;C:\ProgramData\chocolatey\bin;C:\Program Files\7-Zip;C:\Program Files\dotnet\;C:\Program Files\Amazon\AWSCLIV2\;C:\Program Files\nodejs\;C:\Users\andre\scoop\shims;C:\Users\andre\AppData\Local\Microsoft\WindowsApps;C:\Users\andre\AppData\Local\Programs\Microsoft VS Code\bin;C:\Users\andre\AppData\Local\Programs\Fiddler;C:\Users\andre\.dotnet\tools;C:\Users\andre\AppData\Local\Programs\Python\Python311\;C:\Users\andre\AppData\Local\Programs\Python\Python311\Scripts\;C:\Users\andre\AppData\Local\Packages\PythonSoftwareFoundation.Python.3.11_qbz5n2kfra8p0\LocalCache\local-packages\Python311\Scripts;C:\Users\andre\AppData\Roaming\npm
USERNAME=andre
OS=Windows_NT
PROCESSOR_IDENTIFIER=AMD64 Family 23 Model 160 Stepping 0, AuthenticAMD
TMP=C:\Users\andre\AppData\Local\Temp
TEMP=C:\Users\andre\AppData\Local\Temp




Periodic native trim disabled

---------------  S Y S T E M  ---------------

OS:
 Windows 11 , 64 bit Build 22621 (10.0.22621.5415)
OS uptime: 3 days 23:36 hours
Hyper-V role detected

CPU: total 8 (initial active 8) (8 cores per cpu, 2 threads per core) family 23 model 160 stepping 0 microcode 0x0, cx8, cmov, fxsr, ht, mmx, 3dnowpref, sse, sse2, sse3, ssse3, sse4a, sse4.1, sse4.2, popcnt, lzcnt, tsc, tscinvbit, avx, avx2, aes, clmul, bmi1, bmi2, adx, sha, fma, vzeroupper, clflush, clflushopt, hv, rdtscp, rdpid, f16c
Processor Information for all 8 processors :
  Max Mhz: 2801, Current Mhz: 2801, Mhz Limit: 2801

Memory: 4k page, system-wide physical 5965M (232M free)
TotalPageFile size 24397M (AvailPageFile size 0M)
current process WorkingSet (physical memory assigned to process): 61M, peak: 61M
current process commit charge ("private bytes"): 151M, peak: 151M

vm_info: Java HotSpot(TM) 64-Bit Server VM (21.0.2+13-LTS-58) for windows-amd64 JRE (21.0.2+13-LTS-58), built on 2024-01-05T18:32:24Z by "mach5one" with MS VC++ 17.1 (VS2022)

END.
